{"/Users/yohanthagunawarna/Documents/www/masteryo-cms/src/components/Copyright/copyright.styles.js": {"path":"/Users/yohanthagunawarna/Documents/www/masteryo-cms/src/components/Copyright/copyright.styles.js","statementMap":{"0":{"start":{"line":4,"column":18},"end":{"line":4,"column":44}}},"fnMap":{},"branchMap":{},"s":{"0":0},"f":{},"b":{}}
,"/Users/yohanthagunawarna/Documents/www/masteryo-cms/src/components/Copyright/index.js": {"path":"/Users/yohanthagunawarna/Documents/www/masteryo-cms/src/components/Copyright/index.js","statementMap":{"0":{"start":{"line":10,"column":18},"end":{"line":10,"column":29}},"1":{"start":{"line":12,"column":2},"end":{"line":47,"column":4}}},"fnMap":{"0":{"name":"Copyright","decl":{"start":{"line":9,"column":24},"end":{"line":9,"column":33}},"loc":{"start":{"line":9,"column":36},"end":{"line":48,"column":1}},"line":9}},"branchMap":{},"s":{"0":0,"1":0},"f":{"0":0},"b":{}}
,"/Users/yohanthagunawarna/Documents/www/masteryo-cms/src/components/CustomButtons/Button.js": {"path":"/Users/yohanthagunawarna/Documents/www/masteryo-cms/src/components/CustomButtons/Button.js","statementMap":{"0":{"start":{"line":12,"column":18},"end":{"line":12,"column":29}},"1":{"start":{"line":27,"column":6},"end":{"line":27,"column":11}},"2":{"start":{"line":28,"column":21},"end":{"line":39,"column":4}},"3":{"start":{"line":40,"column":2},"end":{"line":48,"column":4}},"4":{"start":{"line":51,"column":0},"end":{"line":73,"column":2}}},"fnMap":{"0":{"name":"RegularButton","decl":{"start":{"line":11,"column":24},"end":{"line":11,"column":37}},"loc":{"start":{"line":11,"column":45},"end":{"line":49,"column":1}},"line":11}},"branchMap":{},"s":{"0":0,"1":0,"2":0,"3":0,"4":0},"f":{"0":0},"b":{}}
,"/Users/yohanthagunawarna/Documents/www/masteryo-cms/src/components/CustomButtons/customButton.styles.js": {"path":"/Users/yohanthagunawarna/Documents/www/masteryo-cms/src/components/CustomButtons/customButton.styles.js","statementMap":{"0":{"start":{"line":4,"column":18},"end":{"line":4,"column":41}}},"fnMap":{},"branchMap":{},"s":{"0":0},"f":{},"b":{}}
,"/Users/yohanthagunawarna/Documents/www/masteryo-cms/src/components/CustomInput/CustomInput.js": {"path":"/Users/yohanthagunawarna/Documents/www/masteryo-cms/src/components/CustomInput/CustomInput.js","statementMap":{"0":{"start":{"line":15,"column":18},"end":{"line":15,"column":36}},"1":{"start":{"line":18,"column":18},"end":{"line":18,"column":29}},"2":{"start":{"line":27,"column":6},"end":{"line":27,"column":11}},"3":{"start":{"line":29,"column":23},"end":{"line":32,"column":4}},"4":{"start":{"line":33,"column":27},"end":{"line":37,"column":4}},"5":{"start":{"line":38,"column":20},"end":{"line":40,"column":4}},"6":{"start":{"line":41,"column":2},"end":{"line":70,"column":4}},"7":{"start":{"line":73,"column":0},"end":{"line":81,"column":2}}},"fnMap":{"0":{"name":"CustomInput","decl":{"start":{"line":17,"column":24},"end":{"line":17,"column":35}},"loc":{"start":{"line":17,"column":43},"end":{"line":71,"column":1}},"line":17}},"branchMap":{"0":{"loc":{"start":{"line":31,"column":38},"end":{"line":31,"column":55}},"type":"binary-expr","locations":[{"start":{"line":31,"column":38},"end":{"line":31,"column":45}},{"start":{"line":31,"column":49},"end":{"line":31,"column":55}}],"line":31},"1":{"loc":{"start":{"line":35,"column":32},"end":{"line":35,"column":49}},"type":"binary-expr","locations":[{"start":{"line":35,"column":32},"end":{"line":35,"column":39}},{"start":{"line":35,"column":43},"end":{"line":35,"column":49}}],"line":35},"2":{"loc":{"start":{"line":46,"column":7},"end":{"line":54,"column":14}},"type":"cond-expr","locations":[{"start":{"line":47,"column":8},"end":{"line":53,"column":21}},{"start":{"line":54,"column":10},"end":{"line":54,"column":14}}],"line":46},"3":{"loc":{"start":{"line":64,"column":7},"end":{"line":68,"column":14}},"type":"cond-expr","locations":[{"start":{"line":65,"column":8},"end":{"line":65,"column":77}},{"start":{"line":66,"column":10},"end":{"line":68,"column":14}}],"line":64},"4":{"loc":{"start":{"line":66,"column":10},"end":{"line":68,"column":14}},"type":"cond-expr","locations":[{"start":{"line":67,"column":8},"end":{"line":67,"column":79}},{"start":{"line":68,"column":10},"end":{"line":68,"column":14}}],"line":66}},"s":{"0":0,"1":0,"2":0,"3":0,"4":0,"5":0,"6":0,"7":0},"f":{"0":0},"b":{"0":[0,0],"1":[0,0],"2":[0,0],"3":[0,0],"4":[0,0]}}
,"/Users/yohanthagunawarna/Documents/www/masteryo-cms/src/components/CustomTableContainer/index.js": {"path":"/Users/yohanthagunawarna/Documents/www/masteryo-cms/src/components/CustomTableContainer/index.js","statementMap":{"0":{"start":{"line":43,"column":18},"end":{"line":43,"column":29}},"1":{"start":{"line":45,"column":34},"end":{"line":45,"column":39}},"2":{"start":{"line":47,"column":2},"end":{"line":47,"column":23}},"3":{"start":{"line":48,"column":25},"end":{"line":48,"column":27}},"4":{"start":{"line":49,"column":23},"end":{"line":49,"column":37}},"5":{"start":{"line":50,"column":28},"end":{"line":50,"column":70}},"6":{"start":{"line":52,"column":38},"end":{"line":52,"column":71}},"7":{"start":{"line":53,"column":32},"end":{"line":53,"column":62}},"8":{"start":{"line":54,"column":26},"end":{"line":54,"column":43}},"9":{"start":{"line":55,"column":36},"end":{"line":55,"column":60}},"10":{"start":{"line":56,"column":32},"end":{"line":56,"column":62}},"11":{"start":{"line":57,"column":48},"end":{"line":59,"column":3}},"12":{"start":{"line":60,"column":34},"end":{"line":60,"column":52}},"13":{"start":{"line":61,"column":44},"end":{"line":61,"column":63}},"14":{"start":{"line":62,"column":40},"end":{"line":62,"column":60}},"15":{"start":{"line":64,"column":23},"end":{"line":77,"column":3}},"16":{"start":{"line":65,"column":4},"end":{"line":65,"column":19}},"17":{"start":{"line":67,"column":24},"end":{"line":67,"column":49}},"18":{"start":{"line":68,"column":4},"end":{"line":68,"column":30}},"19":{"start":{"line":70,"column":22},"end":{"line":70,"column":43}},"20":{"start":{"line":71,"column":4},"end":{"line":71,"column":26}},"21":{"start":{"line":73,"column":23},"end":{"line":73,"column":58}},"22":{"start":{"line":74,"column":4},"end":{"line":74,"column":30}},"23":{"start":{"line":76,"column":4},"end":{"line":76,"column":62}},"24":{"start":{"line":79,"column":25},"end":{"line":106,"column":3}},"25":{"start":{"line":80,"column":26},"end":{"line":80,"column":46}},"26":{"start":{"line":81,"column":22},"end":{"line":81,"column":24}},"27":{"start":{"line":83,"column":4},"end":{"line":94,"column":5}},"28":{"start":{"line":84,"column":6},"end":{"line":84,"column":53}},"29":{"start":{"line":85,"column":11},"end":{"line":94,"column":5}},"30":{"start":{"line":86,"column":6},"end":{"line":86,"column":58}},"31":{"start":{"line":87,"column":11},"end":{"line":94,"column":5}},"32":{"start":{"line":88,"column":6},"end":{"line":88,"column":62}},"33":{"start":{"line":89,"column":11},"end":{"line":94,"column":5}},"34":{"start":{"line":90,"column":6},"end":{"line":93,"column":8}},"35":{"start":{"line":96,"column":4},"end":{"line":96,"column":29}},"36":{"start":{"line":97,"column":4},"end":{"line":97,"column":49}},"37":{"start":{"line":99,"column":4},"end":{"line":105,"column":5}},"38":{"start":{"line":100,"column":6},"end":{"line":100,"column":40}},"39":{"start":{"line":101,"column":6},"end":{"line":101,"column":28}},"40":{"start":{"line":103,"column":6},"end":{"line":103,"column":39}},"41":{"start":{"line":104,"column":6},"end":{"line":104,"column":27}},"42":{"start":{"line":108,"column":21},"end":{"line":108,"column":54}},"43":{"start":{"line":108,"column":27},"end":{"line":108,"column":54}},"44":{"start":{"line":110,"column":2},"end":{"line":308,"column":4}},"45":{"start":{"line":221,"column":39},"end":{"line":221,"column":57}},"46":{"start":{"line":222,"column":32},"end":{"line":222,"column":66}},"47":{"start":{"line":224,"column":16},"end":{"line":284,"column":18}},"48":{"start":{"line":239,"column":43},"end":{"line":239,"column":72}},"49":{"start":{"line":311,"column":0},"end":{"line":315,"column":2}}},"fnMap":{"0":{"name":"CustomTableContainer","decl":{"start":{"line":41,"column":24},"end":{"line":41,"column":44}},"loc":{"start":{"line":41,"column":52},"end":{"line":309,"column":1}},"line":41},"1":{"name":"(anonymous_1)","decl":{"start":{"line":64,"column":23},"end":{"line":64,"column":24}},"loc":{"start":{"line":64,"column":41},"end":{"line":77,"column":3}},"line":64},"2":{"name":"(anonymous_2)","decl":{"start":{"line":79,"column":25},"end":{"line":79,"column":26}},"loc":{"start":{"line":79,"column":40},"end":{"line":106,"column":3}},"line":79},"3":{"name":"(anonymous_3)","decl":{"start":{"line":108,"column":21},"end":{"line":108,"column":22}},"loc":{"start":{"line":108,"column":27},"end":{"line":108,"column":54}},"line":108},"4":{"name":"(anonymous_4)","decl":{"start":{"line":220,"column":35},"end":{"line":220,"column":36}},"loc":{"start":{"line":220,"column":51},"end":{"line":285,"column":15}},"line":220},"5":{"name":"(anonymous_5)","decl":{"start":{"line":239,"column":34},"end":{"line":239,"column":35}},"loc":{"start":{"line":239,"column":43},"end":{"line":239,"column":72}},"line":239}},"branchMap":{"0":{"loc":{"start":{"line":83,"column":4},"end":{"line":94,"column":5}},"type":"if","locations":[{"start":{"line":83,"column":4},"end":{"line":94,"column":5}},{"start":{"line":85,"column":11},"end":{"line":94,"column":5}}],"line":83},"1":{"loc":{"start":{"line":85,"column":11},"end":{"line":94,"column":5}},"type":"if","locations":[{"start":{"line":85,"column":11},"end":{"line":94,"column":5}},{"start":{"line":87,"column":11},"end":{"line":94,"column":5}}],"line":85},"2":{"loc":{"start":{"line":87,"column":11},"end":{"line":94,"column":5}},"type":"if","locations":[{"start":{"line":87,"column":11},"end":{"line":94,"column":5}},{"start":{"line":89,"column":11},"end":{"line":94,"column":5}}],"line":87},"3":{"loc":{"start":{"line":89,"column":11},"end":{"line":94,"column":5}},"type":"if","locations":[{"start":{"line":89,"column":11},"end":{"line":94,"column":5}},{"start":{},"end":{}}],"line":89},"4":{"loc":{"start":{"line":99,"column":4},"end":{"line":105,"column":5}},"type":"if","locations":[{"start":{"line":99,"column":4},"end":{"line":105,"column":5}},{"start":{"line":102,"column":11},"end":{"line":105,"column":5}}],"line":99}},"s":{"0":0,"1":0,"2":0,"3":0,"4":0,"5":0,"6":0,"7":0,"8":0,"9":0,"10":0,"11":0,"12":0,"13":0,"14":0,"15":0,"16":0,"17":0,"18":0,"19":0,"20":0,"21":0,"22":0,"23":0,"24":0,"25":0,"26":0,"27":0,"28":0,"29":0,"30":0,"31":0,"32":0,"33":0,"34":0,"35":0,"36":0,"37":0,"38":0,"39":0,"40":0,"41":0,"42":0,"43":0,"44":0,"45":0,"46":0,"47":0,"48":0,"49":0},"f":{"0":0,"1":0,"2":0,"3":0,"4":0,"5":0},"b":{"0":[0,0],"1":[0,0],"2":[0,0],"3":[0,0],"4":[0,0]}}
,"/Users/yohanthagunawarna/Documents/www/masteryo-cms/src/components/CustomTableContainer/tableContainer.styles.js": {"path":"/Users/yohanthagunawarna/Documents/www/masteryo-cms/src/components/CustomTableContainer/tableContainer.styles.js","statementMap":{"0":{"start":{"line":4,"column":18},"end":{"line":4,"column":55}}},"fnMap":{},"branchMap":{},"s":{"0":0},"f":{},"b":{}}
,"/Users/yohanthagunawarna/Documents/www/masteryo-cms/src/components/FileUpload/fileUpload.styles.js": {"path":"/Users/yohanthagunawarna/Documents/www/masteryo-cms/src/components/FileUpload/fileUpload.styles.js","statementMap":{"0":{"start":{"line":4,"column":18},"end":{"line":4,"column":45}}},"fnMap":{},"branchMap":{},"s":{"0":0},"f":{},"b":{}}
,"/Users/yohanthagunawarna/Documents/www/masteryo-cms/src/components/FileUpload/index.js": {"path":"/Users/yohanthagunawarna/Documents/www/masteryo-cms/src/components/FileUpload/index.js","statementMap":{"0":{"start":{"line":17,"column":20},"end":{"line":17,"column":31}},"1":{"start":{"line":19,"column":25},"end":{"line":19,"column":30}},"2":{"start":{"line":23,"column":4},"end":{"line":30,"column":5}},"3":{"start":{"line":25,"column":12},"end":{"line":25,"column":41}},"4":{"start":{"line":26,"column":12},"end":{"line":26,"column":18}},"5":{"start":{"line":28,"column":12},"end":{"line":28,"column":28}},"6":{"start":{"line":29,"column":12},"end":{"line":29,"column":18}},"7":{"start":{"line":32,"column":4},"end":{"line":45,"column":6}},"8":{"start":{"line":48,"column":0},"end":{"line":51,"column":2}}},"fnMap":{"0":{"name":"FileUpload","decl":{"start":{"line":14,"column":9},"end":{"line":14,"column":19}},"loc":{"start":{"line":14,"column":27},"end":{"line":46,"column":1}},"line":14}},"branchMap":{"0":{"loc":{"start":{"line":23,"column":4},"end":{"line":30,"column":5}},"type":"switch","locations":[{"start":{"line":24,"column":8},"end":{"line":26,"column":18}},{"start":{"line":27,"column":8},"end":{"line":29,"column":18}}],"line":23}},"s":{"0":0,"1":0,"2":0,"3":0,"4":0,"5":0,"6":0,"7":0,"8":0},"f":{"0":0},"b":{"0":[0,0]}}
,"/Users/yohanthagunawarna/Documents/www/masteryo-cms/src/components/Layout/Admin.js": {"path":"/Users/yohanthagunawarna/Documents/www/masteryo-cms/src/components/Layout/Admin.js","statementMap":{"0":{"start":{"line":19,"column":18},"end":{"line":19,"column":36}},"1":{"start":{"line":22,"column":18},"end":{"line":22,"column":29}},"2":{"start":{"line":25,"column":20},"end":{"line":25,"column":37}},"3":{"start":{"line":28,"column":38},"end":{"line":28,"column":59}},"4":{"start":{"line":29,"column":29},"end":{"line":35,"column":3}},"5":{"start":{"line":30,"column":4},"end":{"line":34,"column":5}},"6":{"start":{"line":31,"column":6},"end":{"line":31,"column":27}},"7":{"start":{"line":33,"column":6},"end":{"line":33,"column":26}},"8":{"start":{"line":36,"column":25},"end":{"line":40,"column":3}},"9":{"start":{"line":37,"column":4},"end":{"line":39,"column":5}},"10":{"start":{"line":38,"column":6},"end":{"line":38,"column":27}},"11":{"start":{"line":42,"column":2},"end":{"line":58,"column":18}},"12":{"start":{"line":43,"column":4},"end":{"line":49,"column":5}},"13":{"start":{"line":44,"column":6},"end":{"line":47,"column":9}},"14":{"start":{"line":48,"column":6},"end":{"line":48,"column":46}},"15":{"start":{"line":50,"column":4},"end":{"line":50,"column":54}},"16":{"start":{"line":52,"column":4},"end":{"line":57,"column":6}},"17":{"start":{"line":53,"column":6},"end":{"line":55,"column":7}},"18":{"start":{"line":54,"column":8},"end":{"line":54,"column":21}},"19":{"start":{"line":56,"column":6},"end":{"line":56,"column":59}},"20":{"start":{"line":60,"column":2},"end":{"line":81,"column":4}}},"fnMap":{"0":{"name":"Admin","decl":{"start":{"line":21,"column":24},"end":{"line":21,"column":29}},"loc":{"start":{"line":21,"column":53},"end":{"line":82,"column":1}},"line":21},"1":{"name":"(anonymous_1)","decl":{"start":{"line":29,"column":29},"end":{"line":29,"column":30}},"loc":{"start":{"line":29,"column":35},"end":{"line":35,"column":3}},"line":29},"2":{"name":"(anonymous_2)","decl":{"start":{"line":36,"column":25},"end":{"line":36,"column":26}},"loc":{"start":{"line":36,"column":31},"end":{"line":40,"column":3}},"line":36},"3":{"name":"(anonymous_3)","decl":{"start":{"line":42,"column":18},"end":{"line":42,"column":19}},"loc":{"start":{"line":42,"column":24},"end":{"line":58,"column":3}},"line":42},"4":{"name":"cleanup","decl":{"start":{"line":52,"column":20},"end":{"line":52,"column":27}},"loc":{"start":{"line":52,"column":30},"end":{"line":57,"column":5}},"line":52}},"branchMap":{"0":{"loc":{"start":{"line":30,"column":4},"end":{"line":34,"column":5}},"type":"if","locations":[{"start":{"line":30,"column":4},"end":{"line":34,"column":5}},{"start":{"line":32,"column":11},"end":{"line":34,"column":5}}],"line":30},"1":{"loc":{"start":{"line":37,"column":4},"end":{"line":39,"column":5}},"type":"if","locations":[{"start":{"line":37,"column":4},"end":{"line":39,"column":5}},{"start":{},"end":{}}],"line":37},"2":{"loc":{"start":{"line":43,"column":4},"end":{"line":49,"column":5}},"type":"if","locations":[{"start":{"line":43,"column":4},"end":{"line":49,"column":5}},{"start":{},"end":{}}],"line":43},"3":{"loc":{"start":{"line":53,"column":6},"end":{"line":55,"column":7}},"type":"if","locations":[{"start":{"line":53,"column":6},"end":{"line":55,"column":7}},{"start":{},"end":{}}],"line":53}},"s":{"0":1,"1":5,"2":5,"3":5,"4":5,"5":0,"6":0,"7":0,"8":5,"9":0,"10":0,"11":5,"12":5,"13":0,"14":0,"15":5,"16":5,"17":5,"18":0,"19":5,"20":5},"f":{"0":5,"1":0,"2":0,"3":5,"4":5},"b":{"0":[0,0],"1":[0,0],"2":[0,5],"3":[0,5]},"_coverageSchema":"1a1c01bbd47fc00a2c39e90264f33305004495a9","hash":"6bdc360873f4e899f462ee691d279bed1693bfeb"}
,"/Users/yohanthagunawarna/Documents/www/masteryo-cms/src/components/Navbar/NavbarLinks.js": {"path":"/Users/yohanthagunawarna/Documents/www/masteryo-cms/src/components/Navbar/NavbarLinks.js","statementMap":{"0":{"start":{"line":26,"column":15},"end":{"line":26,"column":30}},"1":{"start":{"line":28,"column":18},"end":{"line":28,"column":29}},"2":{"start":{"line":30,"column":50},"end":{"line":30,"column":70}},"3":{"start":{"line":31,"column":40},"end":{"line":31,"column":60}},"4":{"start":{"line":33,"column":34},"end":{"line":39,"column":3}},"5":{"start":{"line":34,"column":4},"end":{"line":38,"column":5}},"6":{"start":{"line":35,"column":6},"end":{"line":35,"column":32}},"7":{"start":{"line":37,"column":6},"end":{"line":37,"column":47}},"8":{"start":{"line":40,"column":34},"end":{"line":42,"column":3}},"9":{"start":{"line":41,"column":4},"end":{"line":41,"column":30}},"10":{"start":{"line":43,"column":29},"end":{"line":49,"column":3}},"11":{"start":{"line":44,"column":4},"end":{"line":48,"column":5}},"12":{"start":{"line":45,"column":6},"end":{"line":45,"column":27}},"13":{"start":{"line":47,"column":6},"end":{"line":47,"column":42}},"14":{"start":{"line":50,"column":29},"end":{"line":52,"column":3}},"15":{"start":{"line":51,"column":4},"end":{"line":51,"column":25}},"16":{"start":{"line":54,"column":2},"end":{"line":95,"column":4}}},"fnMap":{"0":{"name":"NavbarLinks","decl":{"start":{"line":25,"column":24},"end":{"line":25,"column":35}},"loc":{"start":{"line":25,"column":38},"end":{"line":96,"column":1}},"line":25},"1":{"name":"(anonymous_1)","decl":{"start":{"line":33,"column":34},"end":{"line":33,"column":35}},"loc":{"start":{"line":33,"column":45},"end":{"line":39,"column":3}},"line":33},"2":{"name":"(anonymous_2)","decl":{"start":{"line":40,"column":34},"end":{"line":40,"column":35}},"loc":{"start":{"line":40,"column":40},"end":{"line":42,"column":3}},"line":40},"3":{"name":"(anonymous_3)","decl":{"start":{"line":43,"column":29},"end":{"line":43,"column":30}},"loc":{"start":{"line":43,"column":40},"end":{"line":49,"column":3}},"line":43},"4":{"name":"(anonymous_4)","decl":{"start":{"line":50,"column":29},"end":{"line":50,"column":30}},"loc":{"start":{"line":50,"column":35},"end":{"line":52,"column":3}},"line":50}},"branchMap":{"0":{"loc":{"start":{"line":34,"column":4},"end":{"line":38,"column":5}},"type":"if","locations":[{"start":{"line":34,"column":4},"end":{"line":38,"column":5}},{"start":{"line":36,"column":11},"end":{"line":38,"column":5}}],"line":34},"1":{"loc":{"start":{"line":34,"column":8},"end":{"line":34,"column":67}},"type":"binary-expr","locations":[{"start":{"line":34,"column":8},"end":{"line":34,"column":24}},{"start":{"line":34,"column":28},"end":{"line":34,"column":67}}],"line":34},"2":{"loc":{"start":{"line":44,"column":4},"end":{"line":48,"column":5}},"type":"if","locations":[{"start":{"line":44,"column":4},"end":{"line":48,"column":5}},{"start":{"line":46,"column":11},"end":{"line":48,"column":5}}],"line":44},"3":{"loc":{"start":{"line":44,"column":8},"end":{"line":44,"column":57}},"type":"binary-expr","locations":[{"start":{"line":44,"column":8},"end":{"line":44,"column":19}},{"start":{"line":44,"column":23},"end":{"line":44,"column":57}}],"line":44}},"s":{"0":0,"1":0,"2":0,"3":0,"4":0,"5":0,"6":0,"7":0,"8":0,"9":0,"10":0,"11":0,"12":0,"13":0,"14":0,"15":0,"16":0},"f":{"0":0,"1":0,"2":0,"3":0,"4":0},"b":{"0":[0,0],"1":[0,0],"2":[0,0],"3":[0,0]}}
,"/Users/yohanthagunawarna/Documents/www/masteryo-cms/src/components/Navbar/index.js": {"path":"/Users/yohanthagunawarna/Documents/www/masteryo-cms/src/components/Navbar/index.js","statementMap":{"0":{"start":{"line":39,"column":17},"end":{"line":39,"column":28}},"1":{"start":{"line":42,"column":18},"end":{"line":42,"column":29}},"2":{"start":{"line":44,"column":26},"end":{"line":44,"column":47}},"3":{"start":{"line":45,"column":20},"end":{"line":45,"column":38}},"4":{"start":{"line":47,"column":23},"end":{"line":49,"column":3}},"5":{"start":{"line":48,"column":4},"end":{"line":48,"column":18}},"6":{"start":{"line":51,"column":22},"end":{"line":53,"column":3}},"7":{"start":{"line":52,"column":4},"end":{"line":52,"column":19}},"8":{"start":{"line":56,"column":15},"end":{"line":56,"column":17}},"9":{"start":{"line":58,"column":4},"end":{"line":63,"column":7}},"10":{"start":{"line":59,"column":6},"end":{"line":61,"column":7}},"11":{"start":{"line":60,"column":8},"end":{"line":60,"column":25}},"12":{"start":{"line":62,"column":6},"end":{"line":62,"column":18}},"13":{"start":{"line":64,"column":4},"end":{"line":64,"column":16}},"14":{"start":{"line":67,"column":2},"end":{"line":154,"column":4}},"15":{"start":{"line":94,"column":14},"end":{"line":139,"column":21}},"16":{"start":{"line":157,"column":0},"end":{"line":160,"column":2}}},"fnMap":{"0":{"name":"Navbar","decl":{"start":{"line":37,"column":24},"end":{"line":37,"column":30}},"loc":{"start":{"line":37,"column":38},"end":{"line":155,"column":1}},"line":37},"1":{"name":"(anonymous_1)","decl":{"start":{"line":47,"column":23},"end":{"line":47,"column":24}},"loc":{"start":{"line":47,"column":29},"end":{"line":49,"column":3}},"line":47},"2":{"name":"(anonymous_2)","decl":{"start":{"line":51,"column":22},"end":{"line":51,"column":23}},"loc":{"start":{"line":51,"column":28},"end":{"line":53,"column":3}},"line":51},"3":{"name":"headerTitle","decl":{"start":{"line":55,"column":11},"end":{"line":55,"column":22}},"loc":{"start":{"line":55,"column":25},"end":{"line":65,"column":3}},"line":55},"4":{"name":"(anonymous_4)","decl":{"start":{"line":58,"column":21},"end":{"line":58,"column":22}},"loc":{"start":{"line":58,"column":29},"end":{"line":63,"column":5}},"line":58},"5":{"name":"(anonymous_5)","decl":{"start":{"line":93,"column":13},"end":{"line":93,"column":14}},"loc":{"start":{"line":94,"column":14},"end":{"line":139,"column":21}},"line":94}},"branchMap":{"0":{"loc":{"start":{"line":59,"column":6},"end":{"line":61,"column":7}},"type":"if","locations":[{"start":{"line":59,"column":6},"end":{"line":61,"column":7}},{"start":{},"end":{}}],"line":59},"1":{"loc":{"start":{"line":98,"column":20},"end":{"line":98,"column":75}},"type":"cond-expr","locations":[{"start":{"line":98,"column":45},"end":{"line":98,"column":57}},{"start":{"line":98,"column":60},"end":{"line":98,"column":75}}],"line":98}},"s":{"0":5,"1":5,"2":5,"3":5,"4":5,"5":0,"6":5,"7":0,"8":5,"9":5,"10":30,"11":0,"12":30,"13":5,"14":5,"15":0,"16":1},"f":{"0":5,"1":0,"2":0,"3":5,"4":30,"5":0},"b":{"0":[0,30],"1":[0,0]},"_coverageSchema":"1a1c01bbd47fc00a2c39e90264f33305004495a9","hash":"3bbed25ca69167856e9665cbc8a7a3ca178b9f89"}
,"/Users/yohanthagunawarna/Documents/www/masteryo-cms/src/components/Navbar/navbar.styles.js": {"path":"/Users/yohanthagunawarna/Documents/www/masteryo-cms/src/components/Navbar/navbar.styles.js","statementMap":{"0":{"start":{"line":4,"column":18},"end":{"line":4,"column":41}}},"fnMap":{},"branchMap":{},"s":{"0":1},"f":{},"b":{},"_coverageSchema":"1a1c01bbd47fc00a2c39e90264f33305004495a9","hash":"76104728ac1bdd70c783889b6823266c2ab697a4"}
,"/Users/yohanthagunawarna/Documents/www/masteryo-cms/src/components/Navbar/navbarLinks.styles.js": {"path":"/Users/yohanthagunawarna/Documents/www/masteryo-cms/src/components/Navbar/navbarLinks.styles.js","statementMap":{"0":{"start":{"line":4,"column":18},"end":{"line":4,"column":46}}},"fnMap":{},"branchMap":{},"s":{"0":0},"f":{},"b":{}}
,"/Users/yohanthagunawarna/Documents/www/masteryo-cms/src/components/PageChange/index.js": {"path":"/Users/yohanthagunawarna/Documents/www/masteryo-cms/src/components/PageChange/index.js","statementMap":{"0":{"start":{"line":10,"column":18},"end":{"line":32,"column":2}},"1":{"start":{"line":35,"column":18},"end":{"line":35,"column":29}},"2":{"start":{"line":36,"column":2},"end":{"line":47,"column":4}}},"fnMap":{"0":{"name":"PageChange","decl":{"start":{"line":34,"column":24},"end":{"line":34,"column":34}},"loc":{"start":{"line":34,"column":42},"end":{"line":48,"column":1}},"line":34}},"branchMap":{},"s":{"0":0,"1":0,"2":0},"f":{"0":0},"b":{}}
,"/Users/yohanthagunawarna/Documents/www/masteryo-cms/src/components/PageDetail/index.js": {"path":"/Users/yohanthagunawarna/Documents/www/masteryo-cms/src/components/PageDetail/index.js","statementMap":{"0":{"start":{"line":32,"column":20},"end":{"line":32,"column":31}},"1":{"start":{"line":34,"column":21},"end":{"line":34,"column":26}},"2":{"start":{"line":36,"column":40},"end":{"line":36,"column":63}},"3":{"start":{"line":38,"column":30},"end":{"line":45,"column":5}},"4":{"start":{"line":47,"column":30},"end":{"line":51,"column":5}},"5":{"start":{"line":53,"column":24},"end":{"line":61,"column":5}},"6":{"start":{"line":63,"column":31},"end":{"line":65,"column":5}},"7":{"start":{"line":64,"column":8},"end":{"line":64,"column":42}},"8":{"start":{"line":67,"column":35},"end":{"line":69,"column":5}},"9":{"start":{"line":68,"column":8},"end":{"line":68,"column":30}},"10":{"start":{"line":70,"column":17},"end":{"line":70,"column":62}},"11":{"start":{"line":71,"column":24},"end":{"line":71,"column":57}},"12":{"start":{"line":73,"column":4},"end":{"line":212,"column":6}},"13":{"start":{"line":117,"column":56},"end":{"line":117,"column":68}},"14":{"start":{"line":120,"column":53},"end":{"line":120,"column":133}},"15":{"start":{"line":134,"column":32},"end":{"line":136,"column":43}},"16":{"start":{"line":150,"column":32},"end":{"line":152,"column":43}},"17":{"start":{"line":192,"column":56},"end":{"line":192,"column":68}},"18":{"start":{"line":194,"column":32},"end":{"line":202,"column":49}},"19":{"start":{"line":205,"column":32},"end":{"line":205,"column":110}},"20":{"start":{"line":215,"column":0},"end":{"line":217,"column":2}}},"fnMap":{"0":{"name":"PageDetail","decl":{"start":{"line":29,"column":9},"end":{"line":29,"column":19}},"loc":{"start":{"line":29,"column":27},"end":{"line":213,"column":1}},"line":29},"1":{"name":"(anonymous_1)","decl":{"start":{"line":63,"column":31},"end":{"line":63,"column":32}},"loc":{"start":{"line":63,"column":42},"end":{"line":65,"column":5}},"line":63},"2":{"name":"(anonymous_2)","decl":{"start":{"line":67,"column":35},"end":{"line":67,"column":36}},"loc":{"start":{"line":67,"column":56},"end":{"line":69,"column":5}},"line":67},"3":{"name":"(anonymous_3)","decl":{"start":{"line":117,"column":44},"end":{"line":117,"column":45}},"loc":{"start":{"line":117,"column":56},"end":{"line":117,"column":68}},"line":117},"4":{"name":"(anonymous_4)","decl":{"start":{"line":120,"column":41},"end":{"line":120,"column":42}},"loc":{"start":{"line":120,"column":53},"end":{"line":120,"column":133}},"line":120},"5":{"name":"(anonymous_5)","decl":{"start":{"line":133,"column":51},"end":{"line":133,"column":52}},"loc":{"start":{"line":134,"column":32},"end":{"line":136,"column":43}},"line":134},"6":{"name":"(anonymous_6)","decl":{"start":{"line":149,"column":51},"end":{"line":149,"column":52}},"loc":{"start":{"line":150,"column":32},"end":{"line":152,"column":43}},"line":150},"7":{"name":"(anonymous_7)","decl":{"start":{"line":192,"column":44},"end":{"line":192,"column":45}},"loc":{"start":{"line":192,"column":56},"end":{"line":192,"column":68}},"line":192},"8":{"name":"(anonymous_8)","decl":{"start":{"line":193,"column":42},"end":{"line":193,"column":43}},"loc":{"start":{"line":194,"column":32},"end":{"line":202,"column":49}},"line":194},"9":{"name":"(anonymous_9)","decl":{"start":{"line":204,"column":41},"end":{"line":204,"column":42}},"loc":{"start":{"line":205,"column":32},"end":{"line":205,"column":110}},"line":205}},"branchMap":{},"s":{"0":0,"1":0,"2":0,"3":0,"4":0,"5":0,"6":0,"7":0,"8":0,"9":0,"10":0,"11":0,"12":0,"13":0,"14":0,"15":0,"16":0,"17":0,"18":0,"19":0,"20":0},"f":{"0":0,"1":0,"2":0,"3":0,"4":0,"5":0,"6":0,"7":0,"8":0,"9":0},"b":{}}
,"/Users/yohanthagunawarna/Documents/www/masteryo-cms/src/components/PageDetail/pageDetail.styles.js": {"path":"/Users/yohanthagunawarna/Documents/www/masteryo-cms/src/components/PageDetail/pageDetail.styles.js","statementMap":{"0":{"start":{"line":4,"column":18},"end":{"line":4,"column":45}}},"fnMap":{},"branchMap":{},"s":{"0":0},"f":{},"b":{}}
,"/Users/yohanthagunawarna/Documents/www/masteryo-cms/src/components/Sidebar/CustomListItem.js": {"path":"/Users/yohanthagunawarna/Documents/www/masteryo-cms/src/components/Sidebar/CustomListItem.js","statementMap":{"0":{"start":{"line":16,"column":18},"end":{"line":16,"column":29}},"1":{"start":{"line":18,"column":19},"end":{"line":18,"column":24}},"2":{"start":{"line":20,"column":18},"end":{"line":20,"column":54}},"3":{"start":{"line":22,"column":34},"end":{"line":22,"column":55}},"4":{"start":{"line":24,"column":26},"end":{"line":26,"column":3}},"5":{"start":{"line":25,"column":4},"end":{"line":25,"column":27}},"6":{"start":{"line":28,"column":23},"end":{"line":28,"column":52}},"7":{"start":{"line":29,"column":32},"end":{"line":31,"column":4}},"8":{"start":{"line":33,"column":19},"end":{"line":33,"column":52}},"9":{"start":{"line":35,"column":22},"end":{"line":60,"column":4}},"10":{"start":{"line":37,"column":24},"end":{"line":37,"column":81}},"11":{"start":{"line":39,"column":4},"end":{"line":59,"column":6}},"12":{"start":{"line":62,"column":2},"end":{"line":94,"column":4}},"13":{"start":{"line":97,"column":0},"end":{"line":99,"column":2}}},"fnMap":{"0":{"name":"CustomListItem","decl":{"start":{"line":15,"column":24},"end":{"line":15,"column":38}},"loc":{"start":{"line":15,"column":46},"end":{"line":95,"column":1}},"line":15},"1":{"name":"(anonymous_1)","decl":{"start":{"line":24,"column":26},"end":{"line":24,"column":27}},"loc":{"start":{"line":24,"column":32},"end":{"line":26,"column":3}},"line":24},"2":{"name":"(anonymous_2)","decl":{"start":{"line":35,"column":34},"end":{"line":35,"column":35}},"loc":{"start":{"line":35,"column":52},"end":{"line":60,"column":3}},"line":35}},"branchMap":{"0":{"loc":{"start":{"line":20,"column":18},"end":{"line":20,"column":54}},"type":"cond-expr","locations":[{"start":{"line":20,"column":35},"end":{"line":20,"column":49}},{"start":{"line":20,"column":52},"end":{"line":20,"column":54}}],"line":20},"1":{"loc":{"start":{"line":80,"column":9},"end":{"line":86,"column":16}},"type":"cond-expr","locations":[{"start":{"line":81,"column":10},"end":{"line":85,"column":11}},{"start":{"line":86,"column":12},"end":{"line":86,"column":16}}],"line":80},"2":{"loc":{"start":{"line":81,"column":10},"end":{"line":85,"column":11}},"type":"cond-expr","locations":[{"start":{"line":82,"column":12},"end":{"line":82,"column":51}},{"start":{"line":84,"column":12},"end":{"line":84,"column":51}}],"line":81}},"s":{"0":62,"1":62,"2":62,"3":62,"4":62,"5":2,"6":62,"7":62,"8":62,"9":62,"10":178,"11":178,"12":62,"13":1},"f":{"0":62,"1":2,"2":178},"b":{"0":[62,0],"1":[62,0],"2":[2,60]},"_coverageSchema":"1a1c01bbd47fc00a2c39e90264f33305004495a9","hash":"02cca89cdb967e8e2b9487d065dd001ea356bb35"}
,"/Users/yohanthagunawarna/Documents/www/masteryo-cms/src/components/Sidebar/index.js": {"path":"/Users/yohanthagunawarna/Documents/www/masteryo-cms/src/components/Sidebar/index.js","statementMap":{"0":{"start":{"line":21,"column":20},"end":{"line":21,"column":31}},"1":{"start":{"line":23,"column":39},"end":{"line":23,"column":44}},"2":{"start":{"line":25,"column":24},"end":{"line":29,"column":6}},"3":{"start":{"line":26,"column":8},"end":{"line":28,"column":9}},"4":{"start":{"line":32,"column":8},"end":{"line":34,"column":15}},"5":{"start":{"line":38,"column":8},"end":{"line":54,"column":14}},"6":{"start":{"line":56,"column":4},"end":{"line":82,"column":6}},"7":{"start":{"line":85,"column":0},"end":{"line":90,"column":2}}},"fnMap":{"0":{"name":"Sidebar","decl":{"start":{"line":19,"column":24},"end":{"line":19,"column":31}},"loc":{"start":{"line":19,"column":39},"end":{"line":83,"column":1}},"line":19},"1":{"name":"(anonymous_1)","decl":{"start":{"line":25,"column":35},"end":{"line":25,"column":36}},"loc":{"start":{"line":25,"column":50},"end":{"line":29,"column":5}},"line":25}},"branchMap":{},"s":{"0":6,"1":5,"2":5,"3":30,"4":5,"5":5,"6":5,"7":1},"f":{"0":6,"1":30},"b":{},"_coverageSchema":"1a1c01bbd47fc00a2c39e90264f33305004495a9","hash":"50f31477bb1c326c173a9082e0c48063ef6f92b2"}
,"/Users/yohanthagunawarna/Documents/www/masteryo-cms/src/components/Sidebar/sidebar.styles.js": {"path":"/Users/yohanthagunawarna/Documents/www/masteryo-cms/src/components/Sidebar/sidebar.styles.js","statementMap":{"0":{"start":{"line":4,"column":18},"end":{"line":4,"column":42}}},"fnMap":{},"branchMap":{},"s":{"0":1},"f":{},"b":{},"_coverageSchema":"1a1c01bbd47fc00a2c39e90264f33305004495a9","hash":"8361bf5ba7187ae85cdc249737ca8aaab2207752"}
,"/Users/yohanthagunawarna/Documents/www/masteryo-cms/src/lib/blog.js": {"path":"/Users/yohanthagunawarna/Documents/www/masteryo-cms/src/lib/blog.js","statementMap":{"0":{"start":{"line":5,"column":23},"end":{"line":5,"column":56}},"1":{"start":{"line":9,"column":22},"end":{"line":9,"column":52}},"2":{"start":{"line":10,"column":25},"end":{"line":26,"column":6}},"3":{"start":{"line":12,"column":19},"end":{"line":12,"column":48}},"4":{"start":{"line":15,"column":25},"end":{"line":15,"column":60}},"5":{"start":{"line":16,"column":29},"end":{"line":16,"column":62}},"6":{"start":{"line":19,"column":29},"end":{"line":19,"column":49}},"7":{"start":{"line":22,"column":8},"end":{"line":25,"column":9}},"8":{"start":{"line":28,"column":4},"end":{"line":34,"column":6}},"9":{"start":{"line":29,"column":8},"end":{"line":33,"column":9}},"10":{"start":{"line":30,"column":12},"end":{"line":30,"column":20}},"11":{"start":{"line":32,"column":12},"end":{"line":32,"column":21}},"12":{"start":{"line":38,"column":22},"end":{"line":38,"column":52}},"13":{"start":{"line":53,"column":4},"end":{"line":59,"column":6}},"14":{"start":{"line":54,"column":8},"end":{"line":58,"column":9}},"15":{"start":{"line":63,"column":21},"end":{"line":63,"column":58}},"16":{"start":{"line":64,"column":25},"end":{"line":64,"column":58}},"17":{"start":{"line":67,"column":25},"end":{"line":67,"column":45}},"18":{"start":{"line":70,"column":4},"end":{"line":73,"column":5}}},"fnMap":{"0":{"name":"getSortedPostsData","decl":{"start":{"line":7,"column":16},"end":{"line":7,"column":34}},"loc":{"start":{"line":7,"column":37},"end":{"line":35,"column":1}},"line":7},"1":{"name":"(anonymous_1)","decl":{"start":{"line":10,"column":39},"end":{"line":10,"column":40}},"loc":{"start":{"line":10,"column":51},"end":{"line":26,"column":5}},"line":10},"2":{"name":"(anonymous_2)","decl":{"start":{"line":28,"column":29},"end":{"line":28,"column":30}},"loc":{"start":{"line":28,"column":39},"end":{"line":34,"column":5}},"line":28},"3":{"name":"getAllPostIds","decl":{"start":{"line":37,"column":16},"end":{"line":37,"column":29}},"loc":{"start":{"line":37,"column":32},"end":{"line":60,"column":1}},"line":37},"4":{"name":"(anonymous_4)","decl":{"start":{"line":53,"column":25},"end":{"line":53,"column":26}},"loc":{"start":{"line":53,"column":37},"end":{"line":59,"column":5}},"line":53},"5":{"name":"getPostData","decl":{"start":{"line":62,"column":16},"end":{"line":62,"column":27}},"loc":{"start":{"line":62,"column":32},"end":{"line":74,"column":1}},"line":62}},"branchMap":{"0":{"loc":{"start":{"line":29,"column":8},"end":{"line":33,"column":9}},"type":"if","locations":[{"start":{"line":29,"column":8},"end":{"line":33,"column":9}},{"start":{"line":31,"column":15},"end":{"line":33,"column":9}}],"line":29}},"s":{"0":0,"1":0,"2":0,"3":0,"4":0,"5":0,"6":0,"7":0,"8":0,"9":0,"10":0,"11":0,"12":0,"13":0,"14":0,"15":0,"16":0,"17":0,"18":0},"f":{"0":0,"1":0,"2":0,"3":0,"4":0,"5":0},"b":{"0":[0,0]}}
,"/Users/yohanthagunawarna/Documents/www/masteryo-cms/src/lib/pages.js": {"path":"/Users/yohanthagunawarna/Documents/www/masteryo-cms/src/lib/pages.js","statementMap":{"0":{"start":{"line":5,"column":4},"end":{"line":16,"column":6}}},"fnMap":{"0":{"name":"getAllPostIds","decl":{"start":{"line":2,"column":16},"end":{"line":2,"column":29}},"loc":{"start":{"line":2,"column":32},"end":{"line":25,"column":1}},"line":2}},"branchMap":{},"s":{"0":0},"f":{"0":0},"b":{}}
,"/Users/yohanthagunawarna/Documents/www/masteryo-cms/src/pages/_app.js": {"path":"/Users/yohanthagunawarna/Documents/www/masteryo-cms/src/pages/_app.js","statementMap":{"0":{"start":{"line":13,"column":0},"end":{"line":20,"column":3}},"1":{"start":{"line":14,"column":2},"end":{"line":14,"column":25}},"2":{"start":{"line":15,"column":2},"end":{"line":15,"column":54}},"3":{"start":{"line":16,"column":2},"end":{"line":19,"column":4}},"4":{"start":{"line":21,"column":0},"end":{"line":24,"column":3}},"5":{"start":{"line":22,"column":2},"end":{"line":22,"column":78}},"6":{"start":{"line":23,"column":2},"end":{"line":23,"column":57}},"7":{"start":{"line":25,"column":0},"end":{"line":28,"column":3}},"8":{"start":{"line":26,"column":2},"end":{"line":26,"column":78}},"9":{"start":{"line":27,"column":2},"end":{"line":27,"column":57}},"10":{"start":{"line":30,"column":14},"end":{"line":61,"column":1}},"11":{"start":{"line":32,"column":17},"end":{"line":32,"column":72}},"12":{"start":{"line":32,"column":56},"end":{"line":32,"column":71}},"13":{"start":{"line":34,"column":2},"end":{"line":39,"column":5}},"14":{"start":{"line":35,"column":22},"end":{"line":35,"column":64}},"15":{"start":{"line":36,"column":4},"end":{"line":38,"column":5}},"16":{"start":{"line":37,"column":6},"end":{"line":37,"column":52}},"17":{"start":{"line":41,"column":2},"end":{"line":59,"column":3}},"18":{"start":{"line":63,"column":0},"end":{"line":66,"column":1}},"19":{"start":{"line":64,"column":19},"end":{"line":64,"column":56}},"20":{"start":{"line":65,"column":2},"end":{"line":65,"column":24}}},"fnMap":{"0":{"name":"(anonymous_0)","decl":{"start":{"line":13,"column":37},"end":{"line":13,"column":38}},"loc":{"start":{"line":13,"column":46},"end":{"line":20,"column":1}},"line":13},"1":{"name":"(anonymous_1)","decl":{"start":{"line":21,"column":40},"end":{"line":21,"column":41}},"loc":{"start":{"line":21,"column":46},"end":{"line":24,"column":1}},"line":21},"2":{"name":"(anonymous_2)","decl":{"start":{"line":25,"column":37},"end":{"line":25,"column":38}},"loc":{"start":{"line":25,"column":43},"end":{"line":28,"column":1}},"line":25},"3":{"name":"(anonymous_3)","decl":{"start":{"line":30,"column":14},"end":{"line":30,"column":15}},"loc":{"start":{"line":30,"column":44},"end":{"line":61,"column":1}},"line":30},"4":{"name":"(anonymous_4)","decl":{"start":{"line":32,"column":38},"end":{"line":32,"column":39}},"loc":{"start":{"line":32,"column":56},"end":{"line":32,"column":71}},"line":32},"5":{"name":"(anonymous_5)","decl":{"start":{"line":34,"column":12},"end":{"line":34,"column":13}},"loc":{"start":{"line":34,"column":18},"end":{"line":39,"column":3}},"line":34},"6":{"name":"(anonymous_6)","decl":{"start":{"line":63,"column":24},"end":{"line":63,"column":25}},"loc":{"start":{"line":63,"column":46},"end":{"line":66,"column":1}},"line":63}},"branchMap":{"0":{"loc":{"start":{"line":32,"column":17},"end":{"line":32,"column":72}},"type":"binary-expr","locations":[{"start":{"line":32,"column":17},"end":{"line":32,"column":33}},{"start":{"line":32,"column":38},"end":{"line":32,"column":71}}],"line":32},"1":{"loc":{"start":{"line":36,"column":4},"end":{"line":38,"column":5}},"type":"if","locations":[{"start":{"line":36,"column":4},"end":{"line":38,"column":5}},{"start":{},"end":{}}],"line":36}},"s":{"0":0,"1":0,"2":0,"3":0,"4":0,"5":0,"6":0,"7":0,"8":0,"9":0,"10":0,"11":0,"12":0,"13":0,"14":0,"15":0,"16":0,"17":0,"18":0,"19":0,"20":0},"f":{"0":0,"1":0,"2":0,"3":0,"4":0,"5":0,"6":0},"b":{"0":[0,0],"1":[0,0]}}
,"/Users/yohanthagunawarna/Documents/www/masteryo-cms/src/pages/_document.js": {"path":"/Users/yohanthagunawarna/Documents/www/masteryo-cms/src/pages/_document.js","statementMap":{"0":{"start":{"line":6,"column":18},"end":{"line":6,"column":77}},"1":{"start":{"line":7,"column":18},"end":{"line":7,"column":60}},"2":{"start":{"line":9,"column":19},"end":{"line":25,"column":1}},"3":{"start":{"line":11,"column":2},"end":{"line":24,"column":3}},"4":{"start":{"line":27,"column":0},"end":{"line":46,"column":1}},"5":{"start":{"line":28,"column":17},"end":{"line":28,"column":40}},"6":{"start":{"line":29,"column":29},"end":{"line":29,"column":50}},"7":{"start":{"line":31,"column":2},"end":{"line":34,"column":8}},"8":{"start":{"line":32,"column":6},"end":{"line":34,"column":8}},"9":{"start":{"line":33,"column":29},"end":{"line":33,"column":74}},"10":{"start":{"line":33,"column":40},"end":{"line":33,"column":74}},"11":{"start":{"line":36,"column":23},"end":{"line":36,"column":65}},"12":{"start":{"line":38,"column":2},"end":{"line":45,"column":3}}},"fnMap":{"0":{"name":"(anonymous_0)","decl":{"start":{"line":9,"column":19},"end":{"line":9,"column":20}},"loc":{"start":{"line":9,"column":25},"end":{"line":25,"column":1}},"line":9},"1":{"name":"(anonymous_1)","decl":{"start":{"line":27,"column":29},"end":{"line":27,"column":30}},"loc":{"start":{"line":27,"column":51},"end":{"line":46,"column":1}},"line":27},"2":{"name":"(anonymous_2)","decl":{"start":{"line":31,"column":26},"end":{"line":31,"column":27}},"loc":{"start":{"line":32,"column":6},"end":{"line":34,"column":8}},"line":32},"3":{"name":"(anonymous_3)","decl":{"start":{"line":33,"column":20},"end":{"line":33,"column":21}},"loc":{"start":{"line":33,"column":29},"end":{"line":33,"column":74}},"line":33},"4":{"name":"(anonymous_4)","decl":{"start":{"line":33,"column":29},"end":{"line":33,"column":30}},"loc":{"start":{"line":33,"column":40},"end":{"line":33,"column":74}},"line":33}},"branchMap":{},"s":{"0":0,"1":0,"2":0,"3":0,"4":0,"5":0,"6":0,"7":0,"8":0,"9":0,"10":0,"11":0,"12":0},"f":{"0":0,"1":0,"2":0,"3":0,"4":0},"b":{}}
,"/Users/yohanthagunawarna/Documents/www/masteryo-cms/src/pages/index.js": {"path":"/Users/yohanthagunawarna/Documents/www/masteryo-cms/src/pages/index.js","statementMap":{"0":{"start":{"line":6,"column":4},"end":{"line":8,"column":7}},"1":{"start":{"line":7,"column":8},"end":{"line":7,"column":34}},"2":{"start":{"line":10,"column":4},"end":{"line":10,"column":19}}},"fnMap":{"0":{"name":"Index","decl":{"start":{"line":4,"column":9},"end":{"line":4,"column":14}},"loc":{"start":{"line":4,"column":18},"end":{"line":12,"column":1}},"line":4},"1":{"name":"(anonymous_1)","decl":{"start":{"line":6,"column":14},"end":{"line":6,"column":15}},"loc":{"start":{"line":6,"column":20},"end":{"line":8,"column":5}},"line":6}},"branchMap":{},"s":{"0":0,"1":0,"2":0},"f":{"0":0,"1":0},"b":{}}
}
