{"/Users/yohantha.gunawarna/www/masteryo-cms/src/components/Copyright/copyright.styles.js": {"path":"/Users/yohantha.gunawarna/www/masteryo-cms/src/components/Copyright/copyright.styles.js","statementMap":{"0":{"start":{"line":4,"column":18},"end":{"line":4,"column":44}}},"fnMap":{},"branchMap":{},"s":{"0":1},"f":{},"b":{},"_coverageSchema":"1a1c01bbd47fc00a2c39e90264f33305004495a9","hash":"ec03c3d1f8a9c2580d2eb21a939d21d1463ced01"}
,"/Users/yohantha.gunawarna/www/masteryo-cms/src/components/Copyright/index.js": {"path":"/Users/yohantha.gunawarna/www/masteryo-cms/src/components/Copyright/index.js","statementMap":{"0":{"start":{"line":11,"column":20},"end":{"line":11,"column":31}},"1":{"start":{"line":13,"column":4},"end":{"line":30,"column":6}}},"fnMap":{"0":{"name":"Copyright","decl":{"start":{"line":9,"column":24},"end":{"line":9,"column":33}},"loc":{"start":{"line":9,"column":36},"end":{"line":31,"column":1}},"line":9}},"branchMap":{},"s":{"0":3,"1":3},"f":{"0":3},"b":{},"_coverageSchema":"1a1c01bbd47fc00a2c39e90264f33305004495a9","hash":"c2cf3f887f52452a5854cb960e86de1204caa25f"}
,"/Users/yohantha.gunawarna/www/masteryo-cms/src/components/CustomButtons/Button.js": {"path":"/Users/yohantha.gunawarna/www/masteryo-cms/src/components/CustomButtons/Button.js","statementMap":{"0":{"start":{"line":12,"column":18},"end":{"line":12,"column":29}},"1":{"start":{"line":27,"column":6},"end":{"line":27,"column":11}},"2":{"start":{"line":28,"column":21},"end":{"line":39,"column":4}},"3":{"start":{"line":40,"column":2},"end":{"line":44,"column":4}},"4":{"start":{"line":47,"column":0},"end":{"line":69,"column":2}}},"fnMap":{"0":{"name":"RegularButton","decl":{"start":{"line":11,"column":24},"end":{"line":11,"column":37}},"loc":{"start":{"line":11,"column":45},"end":{"line":45,"column":1}},"line":11}},"branchMap":{},"s":{"0":0,"1":0,"2":0,"3":0,"4":0},"f":{"0":0},"b":{}}
,"/Users/yohantha.gunawarna/www/masteryo-cms/src/components/CustomButtons/customButton.styles.js": {"path":"/Users/yohantha.gunawarna/www/masteryo-cms/src/components/CustomButtons/customButton.styles.js","statementMap":{"0":{"start":{"line":4,"column":18},"end":{"line":4,"column":41}}},"fnMap":{},"branchMap":{},"s":{"0":0},"f":{},"b":{}}
,"/Users/yohantha.gunawarna/www/masteryo-cms/src/components/CustomInput/CustomInput.js": {"path":"/Users/yohantha.gunawarna/www/masteryo-cms/src/components/CustomInput/CustomInput.js","statementMap":{"0":{"start":{"line":15,"column":18},"end":{"line":15,"column":36}},"1":{"start":{"line":18,"column":18},"end":{"line":18,"column":29}},"2":{"start":{"line":27,"column":6},"end":{"line":27,"column":11}},"3":{"start":{"line":29,"column":23},"end":{"line":32,"column":4}},"4":{"start":{"line":33,"column":27},"end":{"line":37,"column":4}},"5":{"start":{"line":38,"column":20},"end":{"line":40,"column":4}},"6":{"start":{"line":41,"column":2},"end":{"line":70,"column":4}},"7":{"start":{"line":73,"column":0},"end":{"line":81,"column":2}}},"fnMap":{"0":{"name":"CustomInput","decl":{"start":{"line":17,"column":24},"end":{"line":17,"column":35}},"loc":{"start":{"line":17,"column":43},"end":{"line":71,"column":1}},"line":17}},"branchMap":{"0":{"loc":{"start":{"line":31,"column":38},"end":{"line":31,"column":55}},"type":"binary-expr","locations":[{"start":{"line":31,"column":38},"end":{"line":31,"column":45}},{"start":{"line":31,"column":49},"end":{"line":31,"column":55}}],"line":31},"1":{"loc":{"start":{"line":35,"column":32},"end":{"line":35,"column":49}},"type":"binary-expr","locations":[{"start":{"line":35,"column":32},"end":{"line":35,"column":39}},{"start":{"line":35,"column":43},"end":{"line":35,"column":49}}],"line":35},"2":{"loc":{"start":{"line":46,"column":7},"end":{"line":54,"column":14}},"type":"cond-expr","locations":[{"start":{"line":47,"column":8},"end":{"line":53,"column":21}},{"start":{"line":54,"column":10},"end":{"line":54,"column":14}}],"line":46},"3":{"loc":{"start":{"line":64,"column":7},"end":{"line":68,"column":14}},"type":"cond-expr","locations":[{"start":{"line":65,"column":8},"end":{"line":65,"column":77}},{"start":{"line":66,"column":10},"end":{"line":68,"column":14}}],"line":64},"4":{"loc":{"start":{"line":66,"column":10},"end":{"line":68,"column":14}},"type":"cond-expr","locations":[{"start":{"line":67,"column":8},"end":{"line":67,"column":79}},{"start":{"line":68,"column":10},"end":{"line":68,"column":14}}],"line":66}},"s":{"0":0,"1":0,"2":0,"3":0,"4":0,"5":0,"6":0,"7":0},"f":{"0":0},"b":{"0":[0,0],"1":[0,0],"2":[0,0],"3":[0,0],"4":[0,0]}}
,"/Users/yohantha.gunawarna/www/masteryo-cms/src/components/CustomTableContainer/index.js": {"path":"/Users/yohantha.gunawarna/www/masteryo-cms/src/components/CustomTableContainer/index.js","statementMap":{"0":{"start":{"line":46,"column":20},"end":{"line":46,"column":31}},"1":{"start":{"line":48,"column":36},"end":{"line":48,"column":41}},"2":{"start":{"line":50,"column":4},"end":{"line":50,"column":25}},"3":{"start":{"line":51,"column":27},"end":{"line":51,"column":29}},"4":{"start":{"line":52,"column":25},"end":{"line":52,"column":39}},"5":{"start":{"line":53,"column":30},"end":{"line":53,"column":72}},"6":{"start":{"line":55,"column":40},"end":{"line":55,"column":73}},"7":{"start":{"line":56,"column":34},"end":{"line":56,"column":64}},"8":{"start":{"line":57,"column":28},"end":{"line":57,"column":45}},"9":{"start":{"line":58,"column":38},"end":{"line":58,"column":62}},"10":{"start":{"line":59,"column":34},"end":{"line":59,"column":64}},"11":{"start":{"line":60,"column":50},"end":{"line":60,"column":99}},"12":{"start":{"line":61,"column":36},"end":{"line":61,"column":54}},"13":{"start":{"line":62,"column":46},"end":{"line":62,"column":65}},"14":{"start":{"line":63,"column":42},"end":{"line":63,"column":62}},"15":{"start":{"line":65,"column":25},"end":{"line":78,"column":5}},"16":{"start":{"line":66,"column":8},"end":{"line":66,"column":23}},"17":{"start":{"line":68,"column":28},"end":{"line":68,"column":55}},"18":{"start":{"line":69,"column":8},"end":{"line":69,"column":34}},"19":{"start":{"line":71,"column":26},"end":{"line":71,"column":47}},"20":{"start":{"line":72,"column":8},"end":{"line":72,"column":30}},"21":{"start":{"line":74,"column":27},"end":{"line":74,"column":62}},"22":{"start":{"line":75,"column":8},"end":{"line":75,"column":34}},"23":{"start":{"line":77,"column":8},"end":{"line":77,"column":66}},"24":{"start":{"line":81,"column":27},"end":{"line":108,"column":5}},"25":{"start":{"line":82,"column":30},"end":{"line":82,"column":50}},"26":{"start":{"line":83,"column":26},"end":{"line":83,"column":28}},"27":{"start":{"line":85,"column":8},"end":{"line":96,"column":9}},"28":{"start":{"line":86,"column":12},"end":{"line":86,"column":59}},"29":{"start":{"line":87,"column":15},"end":{"line":96,"column":9}},"30":{"start":{"line":88,"column":12},"end":{"line":88,"column":64}},"31":{"start":{"line":89,"column":15},"end":{"line":96,"column":9}},"32":{"start":{"line":90,"column":12},"end":{"line":90,"column":68}},"33":{"start":{"line":91,"column":15},"end":{"line":96,"column":9}},"34":{"start":{"line":92,"column":12},"end":{"line":95,"column":14}},"35":{"start":{"line":98,"column":8},"end":{"line":98,"column":33}},"36":{"start":{"line":99,"column":8},"end":{"line":99,"column":53}},"37":{"start":{"line":101,"column":8},"end":{"line":107,"column":9}},"38":{"start":{"line":102,"column":12},"end":{"line":102,"column":45}},"39":{"start":{"line":103,"column":12},"end":{"line":103,"column":34}},"40":{"start":{"line":105,"column":12},"end":{"line":105,"column":44}},"41":{"start":{"line":106,"column":12},"end":{"line":106,"column":33}},"42":{"start":{"line":110,"column":23},"end":{"line":110,"column":58}},"43":{"start":{"line":110,"column":31},"end":{"line":110,"column":58}},"44":{"start":{"line":113,"column":4},"end":{"line":222,"column":5}},"45":{"start":{"line":178,"column":47},"end":{"line":178,"column":65}},"46":{"start":{"line":179,"column":40},"end":{"line":179,"column":74}},"47":{"start":{"line":181,"column":24},"end":{"line":203,"column":25}},"48":{"start":{"line":184,"column":134},"end":{"line":184,"column":163}},"49":{"start":{"line":225,"column":0},"end":{"line":229,"column":2}}},"fnMap":{"0":{"name":"CustomTableContainer","decl":{"start":{"line":43,"column":24},"end":{"line":43,"column":44}},"loc":{"start":{"line":43,"column":53},"end":{"line":223,"column":1}},"line":43},"1":{"name":"(anonymous_1)","decl":{"start":{"line":65,"column":25},"end":{"line":65,"column":26}},"loc":{"start":{"line":65,"column":43},"end":{"line":78,"column":5}},"line":65},"2":{"name":"(anonymous_2)","decl":{"start":{"line":81,"column":27},"end":{"line":81,"column":28}},"loc":{"start":{"line":81,"column":42},"end":{"line":108,"column":5}},"line":81},"3":{"name":"(anonymous_3)","decl":{"start":{"line":110,"column":23},"end":{"line":110,"column":24}},"loc":{"start":{"line":110,"column":31},"end":{"line":110,"column":58}},"line":110},"4":{"name":"(anonymous_4)","decl":{"start":{"line":177,"column":41},"end":{"line":177,"column":42}},"loc":{"start":{"line":177,"column":57},"end":{"line":204,"column":21}},"line":177},"5":{"name":"(anonymous_5)","decl":{"start":{"line":184,"column":123},"end":{"line":184,"column":124}},"loc":{"start":{"line":184,"column":134},"end":{"line":184,"column":163}},"line":184}},"branchMap":{"0":{"loc":{"start":{"line":85,"column":8},"end":{"line":96,"column":9}},"type":"if","locations":[{"start":{"line":85,"column":8},"end":{"line":96,"column":9}},{"start":{"line":85,"column":8},"end":{"line":96,"column":9}}],"line":85},"1":{"loc":{"start":{"line":87,"column":15},"end":{"line":96,"column":9}},"type":"if","locations":[{"start":{"line":87,"column":15},"end":{"line":96,"column":9}},{"start":{"line":87,"column":15},"end":{"line":96,"column":9}}],"line":87},"2":{"loc":{"start":{"line":89,"column":15},"end":{"line":96,"column":9}},"type":"if","locations":[{"start":{"line":89,"column":15},"end":{"line":96,"column":9}},{"start":{"line":89,"column":15},"end":{"line":96,"column":9}}],"line":89},"3":{"loc":{"start":{"line":91,"column":15},"end":{"line":96,"column":9}},"type":"if","locations":[{"start":{"line":91,"column":15},"end":{"line":96,"column":9}},{"start":{"line":91,"column":15},"end":{"line":96,"column":9}}],"line":91},"4":{"loc":{"start":{"line":101,"column":8},"end":{"line":107,"column":9}},"type":"if","locations":[{"start":{"line":101,"column":8},"end":{"line":107,"column":9}},{"start":{"line":101,"column":8},"end":{"line":107,"column":9}}],"line":101}},"s":{"0":0,"1":0,"2":0,"3":0,"4":0,"5":0,"6":0,"7":0,"8":0,"9":0,"10":0,"11":0,"12":0,"13":0,"14":0,"15":0,"16":0,"17":0,"18":0,"19":0,"20":0,"21":0,"22":0,"23":0,"24":0,"25":0,"26":0,"27":0,"28":0,"29":0,"30":0,"31":0,"32":0,"33":0,"34":0,"35":0,"36":0,"37":0,"38":0,"39":0,"40":0,"41":0,"42":0,"43":0,"44":0,"45":0,"46":0,"47":0,"48":0,"49":0},"f":{"0":0,"1":0,"2":0,"3":0,"4":0,"5":0},"b":{"0":[0,0],"1":[0,0],"2":[0,0],"3":[0,0],"4":[0,0]}}
,"/Users/yohantha.gunawarna/www/masteryo-cms/src/components/CustomTableContainer/tableContainer.styles.js": {"path":"/Users/yohantha.gunawarna/www/masteryo-cms/src/components/CustomTableContainer/tableContainer.styles.js","statementMap":{"0":{"start":{"line":4,"column":18},"end":{"line":4,"column":55}}},"fnMap":{},"branchMap":{},"s":{"0":0},"f":{},"b":{}}
,"/Users/yohantha.gunawarna/www/masteryo-cms/src/components/FileUpload/fileUpload.styles.js": {"path":"/Users/yohantha.gunawarna/www/masteryo-cms/src/components/FileUpload/fileUpload.styles.js","statementMap":{"0":{"start":{"line":4,"column":18},"end":{"line":4,"column":45}}},"fnMap":{},"branchMap":{},"s":{"0":0},"f":{},"b":{}}
,"/Users/yohantha.gunawarna/www/masteryo-cms/src/components/FileUpload/index.js": {"path":"/Users/yohantha.gunawarna/www/masteryo-cms/src/components/FileUpload/index.js","statementMap":{"0":{"start":{"line":29,"column":20},"end":{"line":29,"column":31}},"1":{"start":{"line":31,"column":46},"end":{"line":31,"column":80}},"2":{"start":{"line":32,"column":40},"end":{"line":32,"column":61}},"3":{"start":{"line":33,"column":44},"end":{"line":33,"column":62}},"4":{"start":{"line":34,"column":25},"end":{"line":34,"column":30}},"5":{"start":{"line":38,"column":4},"end":{"line":45,"column":5}},"6":{"start":{"line":40,"column":12},"end":{"line":40,"column":41}},"7":{"start":{"line":41,"column":12},"end":{"line":41,"column":18}},"8":{"start":{"line":43,"column":12},"end":{"line":43,"column":28}},"9":{"start":{"line":44,"column":12},"end":{"line":44,"column":18}},"10":{"start":{"line":47,"column":26},"end":{"line":69,"column":5}},"11":{"start":{"line":48,"column":26},"end":{"line":48,"column":44}},"12":{"start":{"line":50,"column":8},"end":{"line":50,"column":28}},"13":{"start":{"line":54,"column":28},"end":{"line":54,"column":30}},"14":{"start":{"line":55,"column":8},"end":{"line":63,"column":9}},"15":{"start":{"line":55,"column":18},"end":{"line":55,"column":19}},"16":{"start":{"line":56,"column":31},"end":{"line":56,"column":43}},"17":{"start":{"line":57,"column":12},"end":{"line":57,"column":38}},"18":{"start":{"line":59,"column":12},"end":{"line":62,"column":15}},"19":{"start":{"line":64,"column":8},"end":{"line":64,"column":57}},"20":{"start":{"line":65,"column":8},"end":{"line":65,"column":40}},"21":{"start":{"line":67,"column":8},"end":{"line":67,"column":51}},"22":{"start":{"line":71,"column":29},"end":{"line":126,"column":5}},"23":{"start":{"line":72,"column":32},"end":{"line":72,"column":64}},"24":{"start":{"line":73,"column":34},"end":{"line":73,"column":51}},"25":{"start":{"line":75,"column":8},"end":{"line":75,"column":52}},"26":{"start":{"line":77,"column":8},"end":{"line":125,"column":9}},"27":{"start":{"line":80,"column":12},"end":{"line":119,"column":13}},"28":{"start":{"line":80,"column":22},"end":{"line":80,"column":23}},"29":{"start":{"line":81,"column":33},"end":{"line":81,"column":47}},"30":{"start":{"line":82,"column":35},"end":{"line":82,"column":51}},"31":{"start":{"line":84,"column":39},"end":{"line":84,"column":74}},"32":{"start":{"line":86,"column":16},"end":{"line":86,"column":61}},"33":{"start":{"line":88,"column":33},"end":{"line":91,"column":18}},"34":{"start":{"line":93,"column":29},"end":{"line":93,"column":50}},"35":{"start":{"line":95,"column":16},"end":{"line":117,"column":17}},"36":{"start":{"line":96,"column":20},"end":{"line":96,"column":80}},"37":{"start":{"line":105,"column":20},"end":{"line":105,"column":56}},"38":{"start":{"line":120,"column":12},"end":{"line":120,"column":61}},"39":{"start":{"line":124,"column":12},"end":{"line":124,"column":44}},"40":{"start":{"line":128,"column":4},"end":{"line":167,"column":6}},"41":{"start":{"line":138,"column":65},"end":{"line":138,"column":69}},"42":{"start":{"line":139,"column":36},"end":{"line":143,"column":37}},"43":{"start":{"line":170,"column":0},"end":{"line":172,"column":2}}},"fnMap":{"0":{"name":"FileUpload","decl":{"start":{"line":26,"column":9},"end":{"line":26,"column":19}},"loc":{"start":{"line":26,"column":27},"end":{"line":168,"column":1}},"line":26},"1":{"name":"(anonymous_1)","decl":{"start":{"line":47,"column":26},"end":{"line":47,"column":27}},"loc":{"start":{"line":47,"column":37},"end":{"line":69,"column":5}},"line":47},"2":{"name":"(anonymous_2)","decl":{"start":{"line":71,"column":29},"end":{"line":71,"column":30}},"loc":{"start":{"line":71,"column":41},"end":{"line":126,"column":5}},"line":71},"3":{"name":"(anonymous_3)","decl":{"start":{"line":137,"column":67},"end":{"line":137,"column":68}},"loc":{"start":{"line":137,"column":84},"end":{"line":144,"column":33}},"line":137}},"branchMap":{"0":{"loc":{"start":{"line":38,"column":4},"end":{"line":45,"column":5}},"type":"switch","locations":[{"start":{"line":39,"column":8},"end":{"line":41,"column":18}},{"start":{"line":42,"column":8},"end":{"line":44,"column":18}}],"line":38},"1":{"loc":{"start":{"line":77,"column":8},"end":{"line":125,"column":9}},"type":"if","locations":[{"start":{"line":77,"column":8},"end":{"line":125,"column":9}},{"start":{"line":77,"column":8},"end":{"line":125,"column":9}}],"line":77},"2":{"loc":{"start":{"line":95,"column":16},"end":{"line":117,"column":17}},"type":"if","locations":[{"start":{"line":95,"column":16},"end":{"line":117,"column":17}},{"start":{"line":95,"column":16},"end":{"line":117,"column":17}}],"line":95},"3":{"loc":{"start":{"line":136,"column":29},"end":{"line":147,"column":29}},"type":"cond-expr","locations":[{"start":{"line":137,"column":32},"end":{"line":144,"column":34}},{"start":{"line":146,"column":32},"end":{"line":146,"column":79}}],"line":136}},"s":{"0":0,"1":0,"2":0,"3":0,"4":0,"5":0,"6":0,"7":0,"8":0,"9":0,"10":0,"11":0,"12":0,"13":0,"14":0,"15":0,"16":0,"17":0,"18":0,"19":0,"20":0,"21":0,"22":0,"23":0,"24":0,"25":0,"26":0,"27":0,"28":0,"29":0,"30":0,"31":0,"32":0,"33":0,"34":0,"35":0,"36":0,"37":0,"38":0,"39":0,"40":0,"41":0,"42":0,"43":0},"f":{"0":0,"1":0,"2":0,"3":0},"b":{"0":[0,0],"1":[0,0],"2":[0,0],"3":[0,0]}}
,"/Users/yohantha.gunawarna/www/masteryo-cms/src/components/Layout/Admin.js": {"path":"/Users/yohantha.gunawarna/www/masteryo-cms/src/components/Layout/Admin.js","statementMap":{"0":{"start":{"line":20,"column":18},"end":{"line":20,"column":36}},"1":{"start":{"line":24,"column":20},"end":{"line":24,"column":31}},"2":{"start":{"line":27,"column":22},"end":{"line":27,"column":39}},"3":{"start":{"line":30,"column":40},"end":{"line":30,"column":61}},"4":{"start":{"line":31,"column":31},"end":{"line":37,"column":5}},"5":{"start":{"line":32,"column":8},"end":{"line":36,"column":9}},"6":{"start":{"line":33,"column":12},"end":{"line":33,"column":33}},"7":{"start":{"line":35,"column":12},"end":{"line":35,"column":32}},"8":{"start":{"line":38,"column":27},"end":{"line":42,"column":5}},"9":{"start":{"line":39,"column":8},"end":{"line":41,"column":9}},"10":{"start":{"line":40,"column":12},"end":{"line":40,"column":33}},"11":{"start":{"line":44,"column":4},"end":{"line":60,"column":20}},"12":{"start":{"line":45,"column":8},"end":{"line":51,"column":9}},"13":{"start":{"line":46,"column":12},"end":{"line":49,"column":15}},"14":{"start":{"line":50,"column":12},"end":{"line":50,"column":52}},"15":{"start":{"line":52,"column":8},"end":{"line":52,"column":58}},"16":{"start":{"line":54,"column":8},"end":{"line":59,"column":10}},"17":{"start":{"line":55,"column":12},"end":{"line":57,"column":13}},"18":{"start":{"line":56,"column":16},"end":{"line":56,"column":29}},"19":{"start":{"line":58,"column":12},"end":{"line":58,"column":65}},"20":{"start":{"line":62,"column":4},"end":{"line":84,"column":5}}},"fnMap":{"0":{"name":"Admin","decl":{"start":{"line":22,"column":24},"end":{"line":22,"column":29}},"loc":{"start":{"line":22,"column":53},"end":{"line":85,"column":1}},"line":22},"1":{"name":"(anonymous_1)","decl":{"start":{"line":31,"column":31},"end":{"line":31,"column":32}},"loc":{"start":{"line":31,"column":37},"end":{"line":37,"column":5}},"line":31},"2":{"name":"(anonymous_2)","decl":{"start":{"line":38,"column":27},"end":{"line":38,"column":28}},"loc":{"start":{"line":38,"column":33},"end":{"line":42,"column":5}},"line":38},"3":{"name":"(anonymous_3)","decl":{"start":{"line":44,"column":20},"end":{"line":44,"column":21}},"loc":{"start":{"line":44,"column":26},"end":{"line":60,"column":5}},"line":44},"4":{"name":"cleanup","decl":{"start":{"line":54,"column":24},"end":{"line":54,"column":31}},"loc":{"start":{"line":54,"column":34},"end":{"line":59,"column":9}},"line":54}},"branchMap":{"0":{"loc":{"start":{"line":32,"column":8},"end":{"line":36,"column":9}},"type":"if","locations":[{"start":{"line":32,"column":8},"end":{"line":36,"column":9}},{"start":{"line":32,"column":8},"end":{"line":36,"column":9}}],"line":32},"1":{"loc":{"start":{"line":39,"column":8},"end":{"line":41,"column":9}},"type":"if","locations":[{"start":{"line":39,"column":8},"end":{"line":41,"column":9}},{"start":{"line":39,"column":8},"end":{"line":41,"column":9}}],"line":39},"2":{"loc":{"start":{"line":45,"column":8},"end":{"line":51,"column":9}},"type":"if","locations":[{"start":{"line":45,"column":8},"end":{"line":51,"column":9}},{"start":{"line":45,"column":8},"end":{"line":51,"column":9}}],"line":45},"3":{"loc":{"start":{"line":55,"column":12},"end":{"line":57,"column":13}},"type":"if","locations":[{"start":{"line":55,"column":12},"end":{"line":57,"column":13}},{"start":{"line":55,"column":12},"end":{"line":57,"column":13}}],"line":55}},"s":{"0":0,"1":0,"2":0,"3":0,"4":0,"5":0,"6":0,"7":0,"8":0,"9":0,"10":0,"11":0,"12":0,"13":0,"14":0,"15":0,"16":0,"17":0,"18":0,"19":0,"20":0},"f":{"0":0,"1":0,"2":0,"3":0,"4":0},"b":{"0":[0,0],"1":[0,0],"2":[0,0],"3":[0,0]}}
,"/Users/yohantha.gunawarna/www/masteryo-cms/src/components/MediaUploadContainer/index.js": {"path":"/Users/yohantha.gunawarna/www/masteryo-cms/src/components/MediaUploadContainer/index.js","statementMap":{"0":{"start":{"line":40,"column":20},"end":{"line":40,"column":31}},"1":{"start":{"line":42,"column":17},"end":{"line":42,"column":29}},"2":{"start":{"line":44,"column":38},"end":{"line":44,"column":59}},"3":{"start":{"line":45,"column":44},"end":{"line":45,"column":62}},"4":{"start":{"line":46,"column":40},"end":{"line":46,"column":61}},"5":{"start":{"line":48,"column":25},"end":{"line":50,"column":5}},"6":{"start":{"line":52,"column":26},"end":{"line":55,"column":5}},"7":{"start":{"line":53,"column":8},"end":{"line":53,"column":47}},"8":{"start":{"line":54,"column":8},"end":{"line":54,"column":28}},"9":{"start":{"line":57,"column":29},"end":{"line":74,"column":5}},"10":{"start":{"line":58,"column":8},"end":{"line":72,"column":9}},"11":{"start":{"line":59,"column":29},"end":{"line":59,"column":43}},"12":{"start":{"line":60,"column":12},"end":{"line":60,"column":52}},"13":{"start":{"line":62,"column":29},"end":{"line":65,"column":14}},"14":{"start":{"line":67,"column":25},"end":{"line":67,"column":46}},"15":{"start":{"line":69,"column":12},"end":{"line":69,"column":30}},"16":{"start":{"line":71,"column":12},"end":{"line":71,"column":44}},"17":{"start":{"line":76,"column":23},"end":{"line":78,"column":5}},"18":{"start":{"line":77,"column":8},"end":{"line":77,"column":27}},"19":{"start":{"line":80,"column":24},"end":{"line":82,"column":5}},"20":{"start":{"line":81,"column":8},"end":{"line":81,"column":28}},"21":{"start":{"line":84,"column":4},"end":{"line":130,"column":5}},"22":{"start":{"line":133,"column":0},"end":{"line":134,"column":2}}},"fnMap":{"0":{"name":"MediaTableContainer","decl":{"start":{"line":37,"column":24},"end":{"line":37,"column":43}},"loc":{"start":{"line":37,"column":52},"end":{"line":131,"column":1}},"line":37},"1":{"name":"(anonymous_1)","decl":{"start":{"line":48,"column":25},"end":{"line":48,"column":26}},"loc":{"start":{"line":48,"column":43},"end":{"line":50,"column":5}},"line":48},"2":{"name":"(anonymous_2)","decl":{"start":{"line":52,"column":26},"end":{"line":52,"column":27}},"loc":{"start":{"line":52,"column":37},"end":{"line":55,"column":5}},"line":52},"3":{"name":"(anonymous_3)","decl":{"start":{"line":57,"column":29},"end":{"line":57,"column":30}},"loc":{"start":{"line":57,"column":41},"end":{"line":74,"column":5}},"line":57},"4":{"name":"(anonymous_4)","decl":{"start":{"line":76,"column":23},"end":{"line":76,"column":24}},"loc":{"start":{"line":76,"column":29},"end":{"line":78,"column":5}},"line":76},"5":{"name":"(anonymous_5)","decl":{"start":{"line":80,"column":24},"end":{"line":80,"column":25}},"loc":{"start":{"line":80,"column":30},"end":{"line":82,"column":5}},"line":80}},"branchMap":{"0":{"loc":{"start":{"line":58,"column":8},"end":{"line":72,"column":9}},"type":"if","locations":[{"start":{"line":58,"column":8},"end":{"line":72,"column":9}},{"start":{"line":58,"column":8},"end":{"line":72,"column":9}}],"line":58},"1":{"loc":{"start":{"line":105,"column":37},"end":{"line":117,"column":37}},"type":"cond-expr","locations":[{"start":{"line":106,"column":40},"end":{"line":114,"column":46}},{"start":{"line":116,"column":40},"end":{"line":116,"column":76}}],"line":105}},"s":{"0":0,"1":0,"2":0,"3":0,"4":0,"5":0,"6":0,"7":0,"8":0,"9":0,"10":0,"11":0,"12":0,"13":0,"14":0,"15":0,"16":0,"17":0,"18":0,"19":0,"20":0,"21":0,"22":0},"f":{"0":0,"1":0,"2":0,"3":0,"4":0,"5":0},"b":{"0":[0,0],"1":[0,0]}}
,"/Users/yohantha.gunawarna/www/masteryo-cms/src/components/MediaUploadContainer/mediaUploadContainer.styles.js": {"path":"/Users/yohantha.gunawarna/www/masteryo-cms/src/components/MediaUploadContainer/mediaUploadContainer.styles.js","statementMap":{"0":{"start":{"line":4,"column":18},"end":{"line":18,"column":3}},"1":{"start":{"line":4,"column":41},"end":{"line":18,"column":1}}},"fnMap":{"0":{"name":"(anonymous_0)","decl":{"start":{"line":4,"column":29},"end":{"line":4,"column":30}},"loc":{"start":{"line":4,"column":41},"end":{"line":18,"column":1}},"line":4}},"branchMap":{},"s":{"0":0,"1":0},"f":{"0":0},"b":{}}
,"/Users/yohantha.gunawarna/www/masteryo-cms/src/components/Navbar/NavbarLinks.js": {"path":"/Users/yohantha.gunawarna/www/masteryo-cms/src/components/Navbar/NavbarLinks.js","statementMap":{"0":{"start":{"line":26,"column":15},"end":{"line":26,"column":30}},"1":{"start":{"line":28,"column":18},"end":{"line":28,"column":29}},"2":{"start":{"line":30,"column":50},"end":{"line":30,"column":70}},"3":{"start":{"line":31,"column":40},"end":{"line":31,"column":60}},"4":{"start":{"line":33,"column":34},"end":{"line":39,"column":3}},"5":{"start":{"line":34,"column":4},"end":{"line":38,"column":5}},"6":{"start":{"line":35,"column":6},"end":{"line":35,"column":32}},"7":{"start":{"line":37,"column":6},"end":{"line":37,"column":47}},"8":{"start":{"line":40,"column":34},"end":{"line":42,"column":3}},"9":{"start":{"line":41,"column":4},"end":{"line":41,"column":30}},"10":{"start":{"line":43,"column":29},"end":{"line":49,"column":3}},"11":{"start":{"line":44,"column":4},"end":{"line":48,"column":5}},"12":{"start":{"line":45,"column":6},"end":{"line":45,"column":27}},"13":{"start":{"line":47,"column":6},"end":{"line":47,"column":42}},"14":{"start":{"line":50,"column":29},"end":{"line":52,"column":3}},"15":{"start":{"line":51,"column":4},"end":{"line":51,"column":25}},"16":{"start":{"line":54,"column":2},"end":{"line":95,"column":4}}},"fnMap":{"0":{"name":"NavbarLinks","decl":{"start":{"line":25,"column":24},"end":{"line":25,"column":35}},"loc":{"start":{"line":25,"column":38},"end":{"line":96,"column":1}},"line":25},"1":{"name":"(anonymous_1)","decl":{"start":{"line":33,"column":34},"end":{"line":33,"column":35}},"loc":{"start":{"line":33,"column":45},"end":{"line":39,"column":3}},"line":33},"2":{"name":"(anonymous_2)","decl":{"start":{"line":40,"column":34},"end":{"line":40,"column":35}},"loc":{"start":{"line":40,"column":40},"end":{"line":42,"column":3}},"line":40},"3":{"name":"(anonymous_3)","decl":{"start":{"line":43,"column":29},"end":{"line":43,"column":30}},"loc":{"start":{"line":43,"column":40},"end":{"line":49,"column":3}},"line":43},"4":{"name":"(anonymous_4)","decl":{"start":{"line":50,"column":29},"end":{"line":50,"column":30}},"loc":{"start":{"line":50,"column":35},"end":{"line":52,"column":3}},"line":50}},"branchMap":{"0":{"loc":{"start":{"line":34,"column":4},"end":{"line":38,"column":5}},"type":"if","locations":[{"start":{"line":34,"column":4},"end":{"line":38,"column":5}},{"start":{"line":34,"column":4},"end":{"line":38,"column":5}}],"line":34},"1":{"loc":{"start":{"line":34,"column":8},"end":{"line":34,"column":67}},"type":"binary-expr","locations":[{"start":{"line":34,"column":8},"end":{"line":34,"column":24}},{"start":{"line":34,"column":28},"end":{"line":34,"column":67}}],"line":34},"2":{"loc":{"start":{"line":44,"column":4},"end":{"line":48,"column":5}},"type":"if","locations":[{"start":{"line":44,"column":4},"end":{"line":48,"column":5}},{"start":{"line":44,"column":4},"end":{"line":48,"column":5}}],"line":44},"3":{"loc":{"start":{"line":44,"column":8},"end":{"line":44,"column":57}},"type":"binary-expr","locations":[{"start":{"line":44,"column":8},"end":{"line":44,"column":19}},{"start":{"line":44,"column":23},"end":{"line":44,"column":57}}],"line":44}},"s":{"0":0,"1":0,"2":0,"3":0,"4":0,"5":0,"6":0,"7":0,"8":0,"9":0,"10":0,"11":0,"12":0,"13":0,"14":0,"15":0,"16":0},"f":{"0":0,"1":0,"2":0,"3":0,"4":0},"b":{"0":[0,0],"1":[0,0],"2":[0,0],"3":[0,0]}}
,"/Users/yohantha.gunawarna/www/masteryo-cms/src/components/Navbar/index.js": {"path":"/Users/yohantha.gunawarna/www/masteryo-cms/src/components/Navbar/index.js","statementMap":{"0":{"start":{"line":39,"column":19},"end":{"line":39,"column":30}},"1":{"start":{"line":42,"column":20},"end":{"line":42,"column":31}},"2":{"start":{"line":45,"column":28},"end":{"line":45,"column":49}},"3":{"start":{"line":46,"column":22},"end":{"line":46,"column":40}},"4":{"start":{"line":48,"column":25},"end":{"line":50,"column":5}},"5":{"start":{"line":49,"column":8},"end":{"line":49,"column":22}},"6":{"start":{"line":52,"column":24},"end":{"line":54,"column":5}},"7":{"start":{"line":53,"column":8},"end":{"line":53,"column":23}},"8":{"start":{"line":58,"column":19},"end":{"line":58,"column":21}},"9":{"start":{"line":60,"column":8},"end":{"line":65,"column":11}},"10":{"start":{"line":61,"column":12},"end":{"line":63,"column":13}},"11":{"start":{"line":62,"column":16},"end":{"line":62,"column":33}},"12":{"start":{"line":64,"column":12},"end":{"line":64,"column":24}},"13":{"start":{"line":66,"column":8},"end":{"line":66,"column":20}},"14":{"start":{"line":69,"column":4},"end":{"line":129,"column":6}},"15":{"start":{"line":83,"column":28},"end":{"line":118,"column":35}},"16":{"start":{"line":132,"column":0},"end":{"line":135,"column":2}}},"fnMap":{"0":{"name":"Navbar","decl":{"start":{"line":37,"column":24},"end":{"line":37,"column":30}},"loc":{"start":{"line":37,"column":38},"end":{"line":130,"column":1}},"line":37},"1":{"name":"(anonymous_1)","decl":{"start":{"line":48,"column":25},"end":{"line":48,"column":26}},"loc":{"start":{"line":48,"column":31},"end":{"line":50,"column":5}},"line":48},"2":{"name":"(anonymous_2)","decl":{"start":{"line":52,"column":24},"end":{"line":52,"column":25}},"loc":{"start":{"line":52,"column":30},"end":{"line":54,"column":5}},"line":52},"3":{"name":"headerTitle","decl":{"start":{"line":57,"column":13},"end":{"line":57,"column":24}},"loc":{"start":{"line":57,"column":27},"end":{"line":67,"column":5}},"line":57},"4":{"name":"(anonymous_4)","decl":{"start":{"line":60,"column":25},"end":{"line":60,"column":26}},"loc":{"start":{"line":60,"column":35},"end":{"line":65,"column":9}},"line":60},"5":{"name":"(anonymous_5)","decl":{"start":{"line":82,"column":25},"end":{"line":82,"column":26}},"loc":{"start":{"line":83,"column":28},"end":{"line":118,"column":35}},"line":83}},"branchMap":{"0":{"loc":{"start":{"line":61,"column":12},"end":{"line":63,"column":13}},"type":"if","locations":[{"start":{"line":61,"column":12},"end":{"line":63,"column":13}},{"start":{"line":61,"column":12},"end":{"line":63,"column":13}}],"line":61},"1":{"loc":{"start":{"line":83,"column":81},"end":{"line":83,"column":136}},"type":"cond-expr","locations":[{"start":{"line":83,"column":106},"end":{"line":83,"column":118}},{"start":{"line":83,"column":121},"end":{"line":83,"column":136}}],"line":83}},"s":{"0":0,"1":0,"2":0,"3":0,"4":0,"5":0,"6":0,"7":0,"8":0,"9":0,"10":0,"11":0,"12":0,"13":0,"14":0,"15":0,"16":0},"f":{"0":0,"1":0,"2":0,"3":0,"4":0,"5":0},"b":{"0":[0,0],"1":[0,0]}}
,"/Users/yohantha.gunawarna/www/masteryo-cms/src/components/Navbar/navbar.styles.js": {"path":"/Users/yohantha.gunawarna/www/masteryo-cms/src/components/Navbar/navbar.styles.js","statementMap":{"0":{"start":{"line":4,"column":18},"end":{"line":4,"column":41}}},"fnMap":{},"branchMap":{},"s":{"0":0},"f":{},"b":{}}
,"/Users/yohantha.gunawarna/www/masteryo-cms/src/components/Navbar/navbarLinks.styles.js": {"path":"/Users/yohantha.gunawarna/www/masteryo-cms/src/components/Navbar/navbarLinks.styles.js","statementMap":{"0":{"start":{"line":4,"column":18},"end":{"line":4,"column":46}}},"fnMap":{},"branchMap":{},"s":{"0":0},"f":{},"b":{}}
,"/Users/yohantha.gunawarna/www/masteryo-cms/src/components/PageChange/index.js": {"path":"/Users/yohantha.gunawarna/www/masteryo-cms/src/components/PageChange/index.js","statementMap":{"0":{"start":{"line":11,"column":18},"end":{"line":11,"column":29}},"1":{"start":{"line":13,"column":2},"end":{"line":24,"column":4}}},"fnMap":{"0":{"name":"PageChange","decl":{"start":{"line":9,"column":24},"end":{"line":9,"column":34}},"loc":{"start":{"line":9,"column":42},"end":{"line":25,"column":1}},"line":9}},"branchMap":{},"s":{"0":0,"1":0},"f":{"0":0},"b":{}}
,"/Users/yohantha.gunawarna/www/masteryo-cms/src/components/PageChange/pageChange.styles.js": {"path":"/Users/yohantha.gunawarna/www/masteryo-cms/src/components/PageChange/pageChange.styles.js","statementMap":{"0":{"start":{"line":4,"column":18},"end":{"line":4,"column":45}}},"fnMap":{},"branchMap":{},"s":{"0":0},"f":{},"b":{}}
,"/Users/yohantha.gunawarna/www/masteryo-cms/src/components/PageDetail/index.js": {"path":"/Users/yohantha.gunawarna/www/masteryo-cms/src/components/PageDetail/index.js","statementMap":{"0":{"start":{"line":32,"column":20},"end":{"line":32,"column":31}},"1":{"start":{"line":34,"column":21},"end":{"line":34,"column":26}},"2":{"start":{"line":36,"column":40},"end":{"line":36,"column":63}},"3":{"start":{"line":38,"column":30},"end":{"line":45,"column":5}},"4":{"start":{"line":47,"column":30},"end":{"line":51,"column":5}},"5":{"start":{"line":53,"column":24},"end":{"line":61,"column":5}},"6":{"start":{"line":63,"column":31},"end":{"line":65,"column":5}},"7":{"start":{"line":64,"column":8},"end":{"line":64,"column":42}},"8":{"start":{"line":67,"column":35},"end":{"line":69,"column":5}},"9":{"start":{"line":68,"column":8},"end":{"line":68,"column":30}},"10":{"start":{"line":70,"column":17},"end":{"line":70,"column":62}},"11":{"start":{"line":71,"column":24},"end":{"line":71,"column":57}},"12":{"start":{"line":73,"column":4},"end":{"line":212,"column":6}},"13":{"start":{"line":117,"column":56},"end":{"line":117,"column":68}},"14":{"start":{"line":120,"column":53},"end":{"line":120,"column":133}},"15":{"start":{"line":134,"column":32},"end":{"line":136,"column":43}},"16":{"start":{"line":150,"column":32},"end":{"line":152,"column":43}},"17":{"start":{"line":192,"column":56},"end":{"line":192,"column":68}},"18":{"start":{"line":194,"column":32},"end":{"line":202,"column":49}},"19":{"start":{"line":205,"column":32},"end":{"line":205,"column":110}},"20":{"start":{"line":215,"column":0},"end":{"line":217,"column":2}}},"fnMap":{"0":{"name":"PageDetail","decl":{"start":{"line":29,"column":9},"end":{"line":29,"column":19}},"loc":{"start":{"line":29,"column":27},"end":{"line":213,"column":1}},"line":29},"1":{"name":"(anonymous_1)","decl":{"start":{"line":63,"column":31},"end":{"line":63,"column":32}},"loc":{"start":{"line":63,"column":42},"end":{"line":65,"column":5}},"line":63},"2":{"name":"(anonymous_2)","decl":{"start":{"line":67,"column":35},"end":{"line":67,"column":36}},"loc":{"start":{"line":67,"column":56},"end":{"line":69,"column":5}},"line":67},"3":{"name":"(anonymous_3)","decl":{"start":{"line":117,"column":44},"end":{"line":117,"column":45}},"loc":{"start":{"line":117,"column":56},"end":{"line":117,"column":68}},"line":117},"4":{"name":"(anonymous_4)","decl":{"start":{"line":120,"column":41},"end":{"line":120,"column":42}},"loc":{"start":{"line":120,"column":53},"end":{"line":120,"column":133}},"line":120},"5":{"name":"(anonymous_5)","decl":{"start":{"line":133,"column":51},"end":{"line":133,"column":52}},"loc":{"start":{"line":134,"column":32},"end":{"line":136,"column":43}},"line":134},"6":{"name":"(anonymous_6)","decl":{"start":{"line":149,"column":51},"end":{"line":149,"column":52}},"loc":{"start":{"line":150,"column":32},"end":{"line":152,"column":43}},"line":150},"7":{"name":"(anonymous_7)","decl":{"start":{"line":192,"column":44},"end":{"line":192,"column":45}},"loc":{"start":{"line":192,"column":56},"end":{"line":192,"column":68}},"line":192},"8":{"name":"(anonymous_8)","decl":{"start":{"line":193,"column":42},"end":{"line":193,"column":43}},"loc":{"start":{"line":194,"column":32},"end":{"line":202,"column":49}},"line":194},"9":{"name":"(anonymous_9)","decl":{"start":{"line":204,"column":41},"end":{"line":204,"column":42}},"loc":{"start":{"line":205,"column":32},"end":{"line":205,"column":110}},"line":205}},"branchMap":{},"s":{"0":0,"1":0,"2":0,"3":0,"4":0,"5":0,"6":0,"7":0,"8":0,"9":0,"10":0,"11":0,"12":0,"13":0,"14":0,"15":0,"16":0,"17":0,"18":0,"19":0,"20":0},"f":{"0":0,"1":0,"2":0,"3":0,"4":0,"5":0,"6":0,"7":0,"8":0,"9":0},"b":{}}
,"/Users/yohantha.gunawarna/www/masteryo-cms/src/components/PageDetail/pageDetail.styles.js": {"path":"/Users/yohantha.gunawarna/www/masteryo-cms/src/components/PageDetail/pageDetail.styles.js","statementMap":{"0":{"start":{"line":4,"column":18},"end":{"line":4,"column":45}}},"fnMap":{},"branchMap":{},"s":{"0":0},"f":{},"b":{}}
,"/Users/yohantha.gunawarna/www/masteryo-cms/src/components/Sidebar/BrandLogoContainer.js": {"path":"/Users/yohantha.gunawarna/www/masteryo-cms/src/components/Sidebar/BrandLogoContainer.js","statementMap":{"0":{"start":{"line":15,"column":20},"end":{"line":15,"column":31}},"1":{"start":{"line":17,"column":31},"end":{"line":17,"column":36}},"2":{"start":{"line":19,"column":4},"end":{"line":32,"column":6}},"3":{"start":{"line":35,"column":0},"end":{"line":38,"column":2}}},"fnMap":{"0":{"name":"BrandLogoContainer","decl":{"start":{"line":13,"column":24},"end":{"line":13,"column":42}},"loc":{"start":{"line":13,"column":50},"end":{"line":33,"column":1}},"line":13}},"branchMap":{},"s":{"0":7,"1":7,"2":7,"3":2},"f":{"0":7},"b":{},"_coverageSchema":"1a1c01bbd47fc00a2c39e90264f33305004495a9","hash":"ebf8c161632bb6d440b251d058622b9e93302b8c"}
,"/Users/yohantha.gunawarna/www/masteryo-cms/src/components/Sidebar/CustomListItem.js": {"path":"/Users/yohantha.gunawarna/www/masteryo-cms/src/components/Sidebar/CustomListItem.js","statementMap":{"0":{"start":{"line":18,"column":20},"end":{"line":18,"column":31}},"1":{"start":{"line":20,"column":21},"end":{"line":20,"column":26}},"2":{"start":{"line":22,"column":20},"end":{"line":22,"column":56}},"3":{"start":{"line":24,"column":36},"end":{"line":24,"column":57}},"4":{"start":{"line":26,"column":28},"end":{"line":28,"column":5}},"5":{"start":{"line":27,"column":8},"end":{"line":27,"column":31}},"6":{"start":{"line":30,"column":25},"end":{"line":30,"column":54}},"7":{"start":{"line":31,"column":34},"end":{"line":31,"column":91}},"8":{"start":{"line":33,"column":24},"end":{"line":50,"column":6}},"9":{"start":{"line":34,"column":8},"end":{"line":49,"column":9}},"10":{"start":{"line":52,"column":4},"end":{"line":72,"column":6}},"11":{"start":{"line":75,"column":0},"end":{"line":78,"column":2}}},"fnMap":{"0":{"name":"CustomListItem","decl":{"start":{"line":16,"column":24},"end":{"line":16,"column":38}},"loc":{"start":{"line":16,"column":46},"end":{"line":73,"column":1}},"line":16},"1":{"name":"(anonymous_1)","decl":{"start":{"line":26,"column":28},"end":{"line":26,"column":29}},"loc":{"start":{"line":26,"column":34},"end":{"line":28,"column":5}},"line":26},"2":{"name":"(anonymous_2)","decl":{"start":{"line":33,"column":36},"end":{"line":33,"column":37}},"loc":{"start":{"line":33,"column":54},"end":{"line":50,"column":5}},"line":33}},"branchMap":{"0":{"loc":{"start":{"line":22,"column":20},"end":{"line":22,"column":56}},"type":"cond-expr","locations":[{"start":{"line":22,"column":37},"end":{"line":22,"column":51}},{"start":{"line":22,"column":54},"end":{"line":22,"column":56}}],"line":22},"1":{"loc":{"start":{"line":64,"column":18},"end":{"line":64,"column":142}},"type":"cond-expr","locations":[{"start":{"line":64,"column":39},"end":{"line":64,"column":135}},{"start":{"line":64,"column":138},"end":{"line":64,"column":142}}],"line":64},"2":{"loc":{"start":{"line":64,"column":39},"end":{"line":64,"column":135}},"type":"cond-expr","locations":[{"start":{"line":64,"column":50},"end":{"line":64,"column":91}},{"start":{"line":64,"column":94},"end":{"line":64,"column":135}}],"line":64}},"s":{"0":20,"1":20,"2":20,"3":20,"4":20,"5":0,"6":20,"7":20,"8":20,"9":32,"10":20,"11":1},"f":{"0":20,"1":0,"2":32},"b":{"0":[20,0],"1":[20,0],"2":[0,20]},"_coverageSchema":"1a1c01bbd47fc00a2c39e90264f33305004495a9","hash":"a21d5596352b6b2a2f1c9d3d2ad13967e0656666"}
,"/Users/yohantha.gunawarna/www/masteryo-cms/src/components/Sidebar/index.js": {"path":"/Users/yohantha.gunawarna/www/masteryo-cms/src/components/Sidebar/index.js","statementMap":{"0":{"start":{"line":17,"column":20},"end":{"line":17,"column":31}},"1":{"start":{"line":19,"column":39},"end":{"line":19,"column":44}},"2":{"start":{"line":22,"column":8},"end":{"line":30,"column":14}},"3":{"start":{"line":25,"column":20},"end":{"line":27,"column":21}},"4":{"start":{"line":33,"column":4},"end":{"line":67,"column":6}},"5":{"start":{"line":70,"column":0},"end":{"line":75,"column":2}}},"fnMap":{"0":{"name":"Sidebar","decl":{"start":{"line":15,"column":24},"end":{"line":15,"column":31}},"loc":{"start":{"line":15,"column":39},"end":{"line":68,"column":1}},"line":15},"1":{"name":"(anonymous_1)","decl":{"start":{"line":24,"column":28},"end":{"line":24,"column":29}},"loc":{"start":{"line":24,"column":43},"end":{"line":28,"column":17}},"line":24}},"branchMap":{},"s":{"0":3,"1":3,"2":3,"3":15,"4":3,"5":1},"f":{"0":3,"1":15},"b":{},"_coverageSchema":"1a1c01bbd47fc00a2c39e90264f33305004495a9","hash":"df7dba445b7344b69238f010fbe0d285daaf5022"}
,"/Users/yohantha.gunawarna/www/masteryo-cms/src/components/Sidebar/sidebar.styles.js": {"path":"/Users/yohantha.gunawarna/www/masteryo-cms/src/components/Sidebar/sidebar.styles.js","statementMap":{"0":{"start":{"line":4,"column":18},"end":{"line":4,"column":42}}},"fnMap":{},"branchMap":{},"s":{"0":2},"f":{},"b":{},"_coverageSchema":"1a1c01bbd47fc00a2c39e90264f33305004495a9","hash":"b959451bb20c3b33b399997cb9e7a4bceb738b32"}
}
