TN:
SF:src/components/Copyright/copyright.styles.js
FNF:0
FNH:0
DA:4,1
LF:1
LH:1
BRF:0
BRH:0
end_of_record
TN:
SF:src/components/Copyright/index.js
FN:9,Copyright
FNF:1
FNH:1
FNDA:3,Copyright
DA:11,3
DA:13,3
LF:2
LH:2
BRF:0
BRH:0
end_of_record
TN:
SF:src/components/CustomButtons/Button.js
FN:11,RegularButton
FNF:1
FNH:0
FNDA:0,RegularButton
DA:12,0
DA:27,0
DA:28,0
DA:40,0
DA:47,0
LF:5
LH:0
BRF:0
BRH:0
end_of_record
TN:
SF:src/components/CustomButtons/customButton.styles.js
FNF:0
FNH:0
DA:4,0
LF:1
LH:0
BRF:0
BRH:0
end_of_record
TN:
SF:src/components/CustomInput/CustomInput.js
FN:17,CustomInput
FNF:1
FNH:0
FNDA:0,CustomInput
DA:15,0
DA:18,0
DA:27,0
DA:29,0
DA:33,0
DA:38,0
DA:41,0
DA:73,0
LF:8
LH:0
BRDA:31,0,0,0
BRDA:31,0,1,0
BRDA:35,1,0,0
BRDA:35,1,1,0
BRDA:46,2,0,0
BRDA:46,2,1,0
BRDA:64,3,0,0
BRDA:64,3,1,0
BRDA:66,4,0,0
BRDA:66,4,1,0
BRF:10
BRH:0
end_of_record
TN:
SF:src/components/CustomTableContainer/index.js
FN:43,CustomTableContainer
FN:65,(anonymous_1)
FN:81,(anonymous_2)
FN:110,(anonymous_3)
FN:177,(anonymous_4)
FN:184,(anonymous_5)
FNF:6
FNH:0
FNDA:0,CustomTableContainer
FNDA:0,(anonymous_1)
FNDA:0,(anonymous_2)
FNDA:0,(anonymous_3)
FNDA:0,(anonymous_4)
FNDA:0,(anonymous_5)
DA:46,0
DA:48,0
DA:50,0
DA:51,0
DA:52,0
DA:53,0
DA:55,0
DA:56,0
DA:57,0
DA:58,0
DA:59,0
DA:60,0
DA:61,0
DA:62,0
DA:63,0
DA:65,0
DA:66,0
DA:68,0
DA:69,0
DA:71,0
DA:72,0
DA:74,0
DA:75,0
DA:77,0
DA:81,0
DA:82,0
DA:83,0
DA:85,0
DA:86,0
DA:87,0
DA:88,0
DA:89,0
DA:90,0
DA:91,0
DA:92,0
DA:98,0
DA:99,0
DA:101,0
DA:102,0
DA:103,0
DA:105,0
DA:106,0
DA:110,0
DA:113,0
DA:178,0
DA:179,0
DA:181,0
DA:184,0
DA:225,0
LF:49
LH:0
BRDA:85,0,0,0
BRDA:85,0,1,0
BRDA:87,1,0,0
BRDA:87,1,1,0
BRDA:89,2,0,0
BRDA:89,2,1,0
BRDA:91,3,0,0
BRDA:91,3,1,0
BRDA:101,4,0,0
BRDA:101,4,1,0
BRF:10
BRH:0
end_of_record
TN:
SF:src/components/CustomTableContainer/tableContainer.styles.js
FNF:0
FNH:0
DA:4,0
LF:1
LH:0
BRF:0
BRH:0
end_of_record
TN:
SF:src/components/FileUpload/fileUpload.styles.js
FNF:0
FNH:0
DA:4,0
LF:1
LH:0
BRF:0
BRH:0
end_of_record
TN:
SF:src/components/FileUpload/index.js
FN:26,FileUpload
FN:47,(anonymous_1)
FN:71,(anonymous_2)
FN:137,(anonymous_3)
FNF:4
FNH:0
FNDA:0,FileUpload
FNDA:0,(anonymous_1)
FNDA:0,(anonymous_2)
FNDA:0,(anonymous_3)
DA:29,0
DA:31,0
DA:32,0
DA:33,0
DA:34,0
DA:38,0
DA:40,0
DA:41,0
DA:43,0
DA:44,0
DA:47,0
DA:48,0
DA:50,0
DA:54,0
DA:55,0
DA:56,0
DA:57,0
DA:59,0
DA:64,0
DA:65,0
DA:67,0
DA:71,0
DA:72,0
DA:73,0
DA:75,0
DA:77,0
DA:80,0
DA:81,0
DA:82,0
DA:84,0
DA:86,0
DA:88,0
DA:93,0
DA:95,0
DA:96,0
DA:105,0
DA:120,0
DA:124,0
DA:128,0
DA:138,0
DA:139,0
DA:170,0
LF:42
LH:0
BRDA:38,0,0,0
BRDA:38,0,1,0
BRDA:77,1,0,0
BRDA:77,1,1,0
BRDA:95,2,0,0
BRDA:95,2,1,0
BRDA:136,3,0,0
BRDA:136,3,1,0
BRF:8
BRH:0
end_of_record
TN:
SF:src/components/Layout/Admin.js
FN:22,Admin
FN:31,(anonymous_1)
FN:38,(anonymous_2)
FN:44,(anonymous_3)
FN:54,cleanup
FNF:5
FNH:0
FNDA:0,Admin
FNDA:0,(anonymous_1)
FNDA:0,(anonymous_2)
FNDA:0,(anonymous_3)
FNDA:0,cleanup
DA:20,0
DA:24,0
DA:27,0
DA:30,0
DA:31,0
DA:32,0
DA:33,0
DA:35,0
DA:38,0
DA:39,0
DA:40,0
DA:44,0
DA:45,0
DA:46,0
DA:50,0
DA:52,0
DA:54,0
DA:55,0
DA:56,0
DA:58,0
DA:62,0
LF:21
LH:0
BRDA:32,0,0,0
BRDA:32,0,1,0
BRDA:39,1,0,0
BRDA:39,1,1,0
BRDA:45,2,0,0
BRDA:45,2,1,0
BRDA:55,3,0,0
BRDA:55,3,1,0
BRF:8
BRH:0
end_of_record
TN:
SF:src/components/MediaUploadContainer/index.js
FN:37,MediaTableContainer
FN:48,(anonymous_1)
FN:52,(anonymous_2)
FN:57,(anonymous_3)
FN:76,(anonymous_4)
FN:80,(anonymous_5)
FNF:6
FNH:0
FNDA:0,MediaTableContainer
FNDA:0,(anonymous_1)
FNDA:0,(anonymous_2)
FNDA:0,(anonymous_3)
FNDA:0,(anonymous_4)
FNDA:0,(anonymous_5)
DA:40,0
DA:42,0
DA:44,0
DA:45,0
DA:46,0
DA:48,0
DA:52,0
DA:53,0
DA:54,0
DA:57,0
DA:58,0
DA:59,0
DA:60,0
DA:62,0
DA:67,0
DA:69,0
DA:71,0
DA:76,0
DA:77,0
DA:80,0
DA:81,0
DA:84,0
DA:133,0
LF:23
LH:0
BRDA:58,0,0,0
BRDA:58,0,1,0
BRDA:105,1,0,0
BRDA:105,1,1,0
BRF:4
BRH:0
end_of_record
TN:
SF:src/components/MediaUploadContainer/mediaUploadContainer.styles.js
FN:4,(anonymous_0)
FNF:1
FNH:0
FNDA:0,(anonymous_0)
DA:4,0
LF:1
LH:0
BRF:0
BRH:0
end_of_record
TN:
SF:src/components/Navbar/NavbarLinks.js
FN:25,NavbarLinks
FN:33,(anonymous_1)
FN:40,(anonymous_2)
FN:43,(anonymous_3)
FN:50,(anonymous_4)
FNF:5
FNH:0
FNDA:0,NavbarLinks
FNDA:0,(anonymous_1)
FNDA:0,(anonymous_2)
FNDA:0,(anonymous_3)
FNDA:0,(anonymous_4)
DA:26,0
DA:28,0
DA:30,0
DA:31,0
DA:33,0
DA:34,0
DA:35,0
DA:37,0
DA:40,0
DA:41,0
DA:43,0
DA:44,0
DA:45,0
DA:47,0
DA:50,0
DA:51,0
DA:54,0
LF:17
LH:0
BRDA:34,0,0,0
BRDA:34,0,1,0
BRDA:34,1,0,0
BRDA:34,1,1,0
BRDA:44,2,0,0
BRDA:44,2,1,0
BRDA:44,3,0,0
BRDA:44,3,1,0
BRF:8
BRH:0
end_of_record
TN:
SF:src/components/Navbar/index.js
FN:37,Navbar
FN:48,(anonymous_1)
FN:52,(anonymous_2)
FN:57,headerTitle
FN:60,(anonymous_4)
FN:82,(anonymous_5)
FNF:6
FNH:0
FNDA:0,Navbar
FNDA:0,(anonymous_1)
FNDA:0,(anonymous_2)
FNDA:0,headerTitle
FNDA:0,(anonymous_4)
FNDA:0,(anonymous_5)
DA:39,0
DA:42,0
DA:45,0
DA:46,0
DA:48,0
DA:49,0
DA:52,0
DA:53,0
DA:58,0
DA:60,0
DA:61,0
DA:62,0
DA:64,0
DA:66,0
DA:69,0
DA:83,0
DA:132,0
LF:17
LH:0
BRDA:61,0,0,0
BRDA:61,0,1,0
BRDA:83,1,0,0
BRDA:83,1,1,0
BRF:4
BRH:0
end_of_record
TN:
SF:src/components/Navbar/navbar.styles.js
FNF:0
FNH:0
DA:4,0
LF:1
LH:0
BRF:0
BRH:0
end_of_record
TN:
SF:src/components/Navbar/navbarLinks.styles.js
FNF:0
FNH:0
DA:4,0
LF:1
LH:0
BRF:0
BRH:0
end_of_record
TN:
SF:src/components/PageChange/index.js
FN:9,PageChange
FNF:1
FNH:0
FNDA:0,PageChange
DA:11,0
DA:13,0
LF:2
LH:0
BRF:0
BRH:0
end_of_record
TN:
SF:src/components/PageChange/pageChange.styles.js
FNF:0
FNH:0
DA:4,0
LF:1
LH:0
BRF:0
BRH:0
end_of_record
TN:
SF:src/components/PageDetail/index.js
FN:29,PageDetail
FN:63,(anonymous_1)
FN:67,(anonymous_2)
FN:117,(anonymous_3)
FN:120,(anonymous_4)
FN:133,(anonymous_5)
FN:149,(anonymous_6)
FN:192,(anonymous_7)
FN:193,(anonymous_8)
FN:204,(anonymous_9)
FNF:10
FNH:0
FNDA:0,PageDetail
FNDA:0,(anonymous_1)
FNDA:0,(anonymous_2)
FNDA:0,(anonymous_3)
FNDA:0,(anonymous_4)
FNDA:0,(anonymous_5)
FNDA:0,(anonymous_6)
FNDA:0,(anonymous_7)
FNDA:0,(anonymous_8)
FNDA:0,(anonymous_9)
DA:32,0
DA:34,0
DA:36,0
DA:38,0
DA:47,0
DA:53,0
DA:63,0
DA:64,0
DA:67,0
DA:68,0
DA:70,0
DA:71,0
DA:73,0
DA:117,0
DA:120,0
DA:134,0
DA:150,0
DA:192,0
DA:194,0
DA:205,0
DA:215,0
LF:21
LH:0
BRF:0
BRH:0
end_of_record
TN:
SF:src/components/PageDetail/pageDetail.styles.js
FNF:0
FNH:0
DA:4,0
LF:1
LH:0
BRF:0
BRH:0
end_of_record
TN:
SF:src/components/Sidebar/BrandLogoContainer.js
FN:13,BrandLogoContainer
FNF:1
FNH:1
FNDA:7,BrandLogoContainer
DA:15,7
DA:17,7
DA:19,7
DA:35,2
LF:4
LH:4
BRF:0
BRH:0
end_of_record
TN:
SF:src/components/Sidebar/CustomListItem.js
FN:16,CustomListItem
FN:26,(anonymous_1)
FN:33,(anonymous_2)
FNF:3
FNH:2
FNDA:20,CustomListItem
FNDA:0,(anonymous_1)
FNDA:32,(anonymous_2)
DA:18,20
DA:20,20
DA:22,20
DA:24,20
DA:26,20
DA:27,0
DA:30,20
DA:31,20
DA:33,20
DA:34,32
DA:52,20
DA:75,1
LF:12
LH:11
BRDA:22,0,0,20
BRDA:22,0,1,0
BRDA:64,1,0,20
BRDA:64,1,1,0
BRDA:64,2,0,0
BRDA:64,2,1,20
BRF:6
BRH:3
end_of_record
TN:
SF:src/components/Sidebar/index.js
FN:15,Sidebar
FN:24,(anonymous_1)
FNF:2
FNH:2
FNDA:3,Sidebar
FNDA:15,(anonymous_1)
DA:17,3
DA:19,3
DA:22,3
DA:25,15
DA:33,3
DA:70,1
LF:6
LH:6
BRF:0
BRH:0
end_of_record
TN:
SF:src/components/Sidebar/sidebar.styles.js
FNF:0
FNH:0
DA:4,2
LF:1
LH:1
BRF:0
BRH:0
end_of_record
