TN:
SF:src/components/Copyright/copyright.styles.js
FNF:0
FNH:0
DA:4,0
LF:1
LH:0
BRF:0
BRH:0
end_of_record
TN:
SF:src/components/Copyright/index.js
FN:9,Copyright
FNF:1
FNH:0
FNDA:0,Copyright
DA:10,0
DA:12,0
LF:2
LH:0
BRF:0
BRH:0
end_of_record
TN:
SF:src/components/CustomButtons/Button.js
FN:11,RegularButton
FNF:1
FNH:0
FNDA:0,RegularButton
DA:12,0
DA:27,0
DA:28,0
DA:40,0
DA:51,0
LF:5
LH:0
BRF:0
BRH:0
end_of_record
TN:
SF:src/components/CustomButtons/customButton.styles.js
FNF:0
FNH:0
DA:4,0
LF:1
LH:0
BRF:0
BRH:0
end_of_record
TN:
SF:src/components/CustomInput/CustomInput.js
FN:17,CustomInput
FNF:1
FNH:0
FNDA:0,CustomInput
DA:15,0
DA:18,0
DA:27,0
DA:29,0
DA:33,0
DA:38,0
DA:41,0
DA:73,0
LF:8
LH:0
BRDA:31,0,0,0
BRDA:31,0,1,0
BRDA:35,1,0,0
BRDA:35,1,1,0
BRDA:46,2,0,0
BRDA:46,2,1,0
BRDA:64,3,0,0
BRDA:64,3,1,0
BRDA:66,4,0,0
BRDA:66,4,1,0
BRF:10
BRH:0
end_of_record
TN:
SF:src/components/CustomTableContainer/index.js
FN:41,CustomTableContainer
FN:64,(anonymous_1)
FN:79,(anonymous_2)
FN:108,(anonymous_3)
FN:220,(anonymous_4)
FN:239,(anonymous_5)
FNF:6
FNH:0
FNDA:0,CustomTableContainer
FNDA:0,(anonymous_1)
FNDA:0,(anonymous_2)
FNDA:0,(anonymous_3)
FNDA:0,(anonymous_4)
FNDA:0,(anonymous_5)
DA:43,0
DA:45,0
DA:47,0
DA:48,0
DA:49,0
DA:50,0
DA:52,0
DA:53,0
DA:54,0
DA:55,0
DA:56,0
DA:57,0
DA:60,0
DA:61,0
DA:62,0
DA:64,0
DA:65,0
DA:67,0
DA:68,0
DA:70,0
DA:71,0
DA:73,0
DA:74,0
DA:76,0
DA:79,0
DA:80,0
DA:81,0
DA:83,0
DA:84,0
DA:85,0
DA:86,0
DA:87,0
DA:88,0
DA:89,0
DA:90,0
DA:96,0
DA:97,0
DA:99,0
DA:100,0
DA:101,0
DA:103,0
DA:104,0
DA:108,0
DA:110,0
DA:221,0
DA:222,0
DA:224,0
DA:239,0
DA:311,0
LF:49
LH:0
BRDA:83,0,0,0
BRDA:83,0,1,0
BRDA:85,1,0,0
BRDA:85,1,1,0
BRDA:87,2,0,0
BRDA:87,2,1,0
BRDA:89,3,0,0
BRDA:89,3,1,0
BRDA:99,4,0,0
BRDA:99,4,1,0
BRF:10
BRH:0
end_of_record
TN:
SF:src/components/CustomTableContainer/tableContainer.styles.js
FNF:0
FNH:0
DA:4,0
LF:1
LH:0
BRF:0
BRH:0
end_of_record
TN:
SF:src/components/FileUpload/fileUpload.styles.js
FNF:0
FNH:0
DA:4,0
LF:1
LH:0
BRF:0
BRH:0
end_of_record
TN:
SF:src/components/FileUpload/index.js
FN:14,FileUpload
FNF:1
FNH:0
FNDA:0,FileUpload
DA:17,0
DA:19,0
DA:23,0
DA:25,0
DA:26,0
DA:28,0
DA:29,0
DA:32,0
DA:48,0
LF:9
LH:0
BRDA:23,0,0,0
BRDA:23,0,1,0
BRF:2
BRH:0
end_of_record
TN:
SF:src/components/Layout/Admin.js
FN:21,Admin
FN:29,(anonymous_1)
FN:36,(anonymous_2)
FN:42,(anonymous_3)
FN:52,cleanup
FNF:5
FNH:3
FNDA:5,Admin
FNDA:0,(anonymous_1)
FNDA:0,(anonymous_2)
FNDA:5,(anonymous_3)
FNDA:5,cleanup
DA:19,1
DA:22,5
DA:25,5
DA:28,5
DA:29,5
DA:30,0
DA:31,0
DA:33,0
DA:36,5
DA:37,0
DA:38,0
DA:42,5
DA:43,5
DA:44,0
DA:48,0
DA:50,5
DA:52,5
DA:53,5
DA:54,0
DA:56,5
DA:60,5
LF:21
LH:13
BRDA:30,0,0,0
BRDA:30,0,1,0
BRDA:37,1,0,0
BRDA:37,1,1,0
BRDA:43,2,0,0
BRDA:43,2,1,5
BRDA:53,3,0,0
BRDA:53,3,1,5
BRF:8
BRH:2
end_of_record
TN:
SF:src/components/Navbar/NavbarLinks.js
FN:25,NavbarLinks
FN:33,(anonymous_1)
FN:40,(anonymous_2)
FN:43,(anonymous_3)
FN:50,(anonymous_4)
FNF:5
FNH:0
FNDA:0,NavbarLinks
FNDA:0,(anonymous_1)
FNDA:0,(anonymous_2)
FNDA:0,(anonymous_3)
FNDA:0,(anonymous_4)
DA:26,0
DA:28,0
DA:30,0
DA:31,0
DA:33,0
DA:34,0
DA:35,0
DA:37,0
DA:40,0
DA:41,0
DA:43,0
DA:44,0
DA:45,0
DA:47,0
DA:50,0
DA:51,0
DA:54,0
LF:17
LH:0
BRDA:34,0,0,0
BRDA:34,0,1,0
BRDA:34,1,0,0
BRDA:34,1,1,0
BRDA:44,2,0,0
BRDA:44,2,1,0
BRDA:44,3,0,0
BRDA:44,3,1,0
BRF:8
BRH:0
end_of_record
TN:
SF:src/components/Navbar/index.js
FN:37,Navbar
FN:47,(anonymous_1)
FN:51,(anonymous_2)
FN:55,headerTitle
FN:58,(anonymous_4)
FN:93,(anonymous_5)
FNF:6
FNH:3
FNDA:5,Navbar
FNDA:0,(anonymous_1)
FNDA:0,(anonymous_2)
FNDA:5,headerTitle
FNDA:30,(anonymous_4)
FNDA:0,(anonymous_5)
DA:39,5
DA:42,5
DA:44,5
DA:45,5
DA:47,5
DA:48,0
DA:51,5
DA:52,0
DA:56,5
DA:58,5
DA:59,30
DA:60,0
DA:62,30
DA:64,5
DA:67,5
DA:94,0
DA:157,1
LF:17
LH:13
BRDA:59,0,0,0
BRDA:59,0,1,30
BRDA:98,1,0,0
BRDA:98,1,1,0
BRF:4
BRH:1
end_of_record
TN:
SF:src/components/Navbar/navbar.styles.js
FNF:0
FNH:0
DA:4,1
LF:1
LH:1
BRF:0
BRH:0
end_of_record
TN:
SF:src/components/Navbar/navbarLinks.styles.js
FNF:0
FNH:0
DA:4,0
LF:1
LH:0
BRF:0
BRH:0
end_of_record
TN:
SF:src/components/PageChange/index.js
FN:34,PageChange
FNF:1
FNH:0
FNDA:0,PageChange
DA:10,0
DA:35,0
DA:36,0
LF:3
LH:0
BRF:0
BRH:0
end_of_record
TN:
SF:src/components/PageDetail/index.js
FN:29,PageDetail
FN:63,(anonymous_1)
FN:67,(anonymous_2)
FN:117,(anonymous_3)
FN:120,(anonymous_4)
FN:133,(anonymous_5)
FN:149,(anonymous_6)
FN:192,(anonymous_7)
FN:193,(anonymous_8)
FN:204,(anonymous_9)
FNF:10
FNH:0
FNDA:0,PageDetail
FNDA:0,(anonymous_1)
FNDA:0,(anonymous_2)
FNDA:0,(anonymous_3)
FNDA:0,(anonymous_4)
FNDA:0,(anonymous_5)
FNDA:0,(anonymous_6)
FNDA:0,(anonymous_7)
FNDA:0,(anonymous_8)
FNDA:0,(anonymous_9)
DA:32,0
DA:34,0
DA:36,0
DA:38,0
DA:47,0
DA:53,0
DA:63,0
DA:64,0
DA:67,0
DA:68,0
DA:70,0
DA:71,0
DA:73,0
DA:117,0
DA:120,0
DA:134,0
DA:150,0
DA:192,0
DA:194,0
DA:205,0
DA:215,0
LF:21
LH:0
BRF:0
BRH:0
end_of_record
TN:
SF:src/components/PageDetail/productDetails.styles.js
FNF:0
FNH:0
DA:4,0
LF:1
LH:0
BRF:0
BRH:0
end_of_record
TN:
SF:src/components/Sidebar/CustomListItem.js
FN:15,CustomListItem
FN:24,(anonymous_1)
FN:35,(anonymous_2)
FNF:3
FNH:3
FNDA:62,CustomListItem
FNDA:2,(anonymous_1)
FNDA:178,(anonymous_2)
DA:16,62
DA:18,62
DA:20,62
DA:22,62
DA:24,62
DA:25,2
DA:28,62
DA:29,62
DA:33,62
DA:35,62
DA:37,178
DA:39,178
DA:62,62
DA:97,1
LF:14
LH:14
BRDA:20,0,0,62
BRDA:20,0,1,0
BRDA:80,1,0,62
BRDA:80,1,1,0
BRDA:81,2,0,2
BRDA:81,2,1,60
BRF:6
BRH:4
end_of_record
TN:
SF:src/components/Sidebar/index.js
FN:19,Sidebar
FN:25,(anonymous_1)
FNF:2
FNH:2
FNDA:6,Sidebar
FNDA:30,(anonymous_1)
DA:21,6
DA:23,5
DA:25,5
DA:26,30
DA:32,5
DA:38,5
DA:56,5
DA:85,1
LF:8
LH:8
BRF:0
BRH:0
end_of_record
TN:
SF:src/components/Sidebar/sidebar.styles.js
FNF:0
FNH:0
DA:4,1
LF:1
LH:1
BRF:0
BRH:0
end_of_record
TN:
SF:src/lib/blog.js
FN:7,getSortedPostsData
FN:10,(anonymous_1)
FN:28,(anonymous_2)
FN:37,getAllPostIds
FN:53,(anonymous_4)
FN:62,getPostData
FNF:6
FNH:0
FNDA:0,getSortedPostsData
FNDA:0,(anonymous_1)
FNDA:0,(anonymous_2)
FNDA:0,getAllPostIds
FNDA:0,(anonymous_4)
FNDA:0,getPostData
DA:5,0
DA:9,0
DA:10,0
DA:12,0
DA:15,0
DA:16,0
DA:19,0
DA:22,0
DA:28,0
DA:29,0
DA:30,0
DA:32,0
DA:38,0
DA:53,0
DA:54,0
DA:63,0
DA:64,0
DA:67,0
DA:70,0
LF:19
LH:0
BRDA:29,0,0,0
BRDA:29,0,1,0
BRF:2
BRH:0
end_of_record
TN:
SF:src/lib/pages.js
FN:2,getAllPostIds
FNF:1
FNH:0
FNDA:0,getAllPostIds
DA:5,0
LF:1
LH:0
BRF:0
BRH:0
end_of_record
TN:
SF:src/pages/_app.js
FN:13,(anonymous_0)
FN:21,(anonymous_1)
FN:25,(anonymous_2)
FN:30,(anonymous_3)
FN:32,(anonymous_4)
FN:34,(anonymous_5)
FN:63,(anonymous_6)
FNF:7
FNH:0
FNDA:0,(anonymous_0)
FNDA:0,(anonymous_1)
FNDA:0,(anonymous_2)
FNDA:0,(anonymous_3)
FNDA:0,(anonymous_4)
FNDA:0,(anonymous_5)
FNDA:0,(anonymous_6)
DA:13,0
DA:14,0
DA:15,0
DA:16,0
DA:21,0
DA:22,0
DA:23,0
DA:25,0
DA:26,0
DA:27,0
DA:30,0
DA:32,0
DA:34,0
DA:35,0
DA:36,0
DA:37,0
DA:41,0
DA:63,0
DA:64,0
DA:65,0
LF:20
LH:0
BRDA:32,0,0,0
BRDA:32,0,1,0
BRDA:36,1,0,0
BRDA:36,1,1,0
BRF:4
BRH:0
end_of_record
TN:
SF:src/pages/_document.js
FN:9,(anonymous_0)
FN:27,(anonymous_1)
FN:31,(anonymous_2)
FN:33,(anonymous_3)
FN:33,(anonymous_4)
FNF:5
FNH:0
FNDA:0,(anonymous_0)
FNDA:0,(anonymous_1)
FNDA:0,(anonymous_2)
FNDA:0,(anonymous_3)
FNDA:0,(anonymous_4)
DA:6,0
DA:7,0
DA:9,0
DA:11,0
DA:27,0
DA:28,0
DA:29,0
DA:31,0
DA:32,0
DA:33,0
DA:36,0
DA:38,0
LF:12
LH:0
BRF:0
BRH:0
end_of_record
TN:
SF:src/pages/index.js
FN:4,Index
FN:6,(anonymous_1)
FNF:2
FNH:0
FNDA:0,Index
FNDA:0,(anonymous_1)
DA:6,0
DA:7,0
DA:10,0
LF:3
LH:0
BRF:0
BRH:0
end_of_record
